[2012-07-25 16:20:24] INFO  WEBrick 1.3.1
[2012-07-25 16:20:24] INFO  ruby 1.9.3 (2012-04-20) [x86_64-linux]
[2012-07-25 16:20:24] INFO  WEBrick::HTTPServer#start: pid=14081 port=3000
[2012-07-25 16:20:32] WARN  Could not determine content-length of response body. Set content-length of the response or set Response#chunked = true
[2012-07-25 16:20:32] WARN  Could not determine content-length of response body. Set content-length of the response or set Response#chunked = true
[2012-07-25 16:20:58] WARN  Could not determine content-length of response body. Set content-length of the response or set Response#chunked = true
=> Booting WEBrick
=> Rails 3.2.6 application starting in development on http://0.0.0.0:3000
=> Call with -d to detach
=> Ctrl-C to shutdown server


Started GET "/" for 10.100.116.83 at 2012-07-25 16:20:32 -0400
Connecting to database specified by database.yml
Processing by HomeController#index as HTML
  Rendered home/index.html.erb within layouts/application (27.0ms)
Completed 200 OK in 38ms (Views: 37.7ms | ActiveRecord: 0.0ms)


Started GET "/adhoc/adhoc_reports" for 10.100.116.83 at 2012-07-25 16:20:58 -0400
Processing by AdhocController#adhoc_reports as HTML
  Rendered adhoc/adhoc_reports.html.erb within layouts/application (1.2ms)
Completed 200 OK in 5ms (Views: 4.3ms | ActiveRecord: 0.0ms)
testing
/usr/local/rvm/gems/ruby-1.9.3-p194@railsTest/gems/pg-0.14.0/lib/pg.rb:4:in `require': cannot load such file -- pg_ext (LoadError)
	from /usr/local/rvm/gems/ruby-1.9.3-p194@railsTest/gems/pg-0.14.0/lib/pg.rb:4:in `<top (required)>'
	from /usr/local/rvm/my_app/ruby_scripts/reports/FailedTestsLast30days.rb:2:in `require'
	from /usr/local/rvm/my_app/ruby_scripts/reports/FailedTestsLast30days.rb:2:in `<main>'


Started GET "/download/runmyscript" for 10.100.116.83 at 2012-07-25 16:21:01 -0400
Processing by DownloadController#runmyscript as HTML
Sent file /usr/local/rvm/tmp/failed_tests_last_30days.csv (1.6ms)
Completed 500 Internal Server Error in 444ms

ActionController::MissingFile (Cannot read file /usr/local/rvm/tmp/failed_tests_last_30days.csv):
  app/controllers/download_controller.rb:7:in `runmyscript'


  Rendered /usr/local/rvm/gems/ruby-1.9.3-p194@railsTest/gems/actionpack-3.2.6/lib/action_dispatch/middleware/templates/rescues/_trace.erb (5.3ms)
  Rendered /usr/local/rvm/gems/ruby-1.9.3-p194@railsTest/gems/actionpack-3.2.6/lib/action_dispatch/middleware/templates/rescues/_request_and_response.erb (2.3ms)
  Rendered /usr/local/rvm/gems/ruby-1.9.3-p194@railsTest/gems/actionpack-3.2.6/lib/action_dispatch/middleware/templates/rescues/diagnostics.erb within rescues/layout (17.4ms)
testing
/usr/local/rvm/gems/ruby-1.9.3-p194@railsTest/gems/pg-0.14.0/lib/pg.rb:4:in `require': cannot load such file -- pg_ext (LoadError)
	from /usr/local/rvm/gems/ruby-1.9.3-p194@railsTest/gems/pg-0.14.0/lib/pg.rb:4:in `<top (required)>'
	from /usr/local/rvm/my_app/ruby_scripts/reports/FailedTestsLast30days.rb:2:in `require'
	from /usr/local/rvm/my_app/ruby_scripts/reports/FailedTestsLast30days.rb:2:in `<main>'


Started GET "/download/runmyscript" for 10.100.116.83 at 2012-07-25 16:32:58 -0400
Processing by DownloadController#runmyscript as HTML
Sent file /usr/local/rvm/tmp/failed_tests_last_30days.csv (1.7ms)
Completed 500 Internal Server Error in 441ms

ActionController::MissingFile (Cannot read file /usr/local/rvm/tmp/failed_tests_last_30days.csv):
  app/controllers/download_controller.rb:7:in `runmyscript'


  Rendered /usr/local/rvm/gems/ruby-1.9.3-p194@railsTest/gems/actionpack-3.2.6/lib/action_dispatch/middleware/templates/rescues/_trace.erb (4.2ms)
  Rendered /usr/local/rvm/gems/ruby-1.9.3-p194@railsTest/gems/actionpack-3.2.6/lib/action_dispatch/middleware/templates/rescues/_request_and_response.erb (2.1ms)
  Rendered /usr/local/rvm/gems/ruby-1.9.3-p194@railsTest/gems/actionpack-3.2.6/lib/action_dispatch/middleware/templates/rescues/diagnostics.erb within rescues/layout (16.5ms)
123
/usr/local/rvm/gems/ruby-1.9.3-p194@railsTest/gems/pg-0.14.0/lib/pg.rb:4:in `require': cannot load such file -- pg_ext (LoadError)
	from /usr/local/rvm/gems/ruby-1.9.3-p194@railsTest/gems/pg-0.14.0/lib/pg.rb:4:in `<top (required)>'
	from /usr/local/rvm/my_app/ruby_scripts/reports/FailedTestsLast30days.rb:2:in `require'
	from /usr/local/rvm/my_app/ruby_scripts/reports/FailedTestsLast30days.rb:2:in `<main>'


Started GET "/download/runmyscript" for 10.100.116.83 at 2012-07-25 16:35:01 -0400
Processing by DownloadController#runmyscript as HTML
Sent file /usr/local/rvm/tmp/failed_tests_last_30days.csv (1.6ms)
Completed 500 Internal Server Error in 543ms

ActionController::MissingFile (Cannot read file /usr/local/rvm/tmp/failed_tests_last_30days.csv):
  app/controllers/download_controller.rb:7:in `runmyscript'


  Rendered /usr/local/rvm/gems/ruby-1.9.3-p194@railsTest/gems/actionpack-3.2.6/lib/action_dispatch/middleware/templates/rescues/_trace.erb (4.0ms)
  Rendered /usr/local/rvm/gems/ruby-1.9.3-p194@railsTest/gems/actionpack-3.2.6/lib/action_dispatch/middleware/templates/rescues/_request_and_response.erb (2.1ms)
  Rendered /usr/local/rvm/gems/ruby-1.9.3-p194@railsTest/gems/actionpack-3.2.6/lib/action_dispatch/middleware/templates/rescues/diagnostics.erb within rescues/layout (15.7ms)
/usr/local/rvm/gems/ruby-1.9.3-p194@railsTest/gems/pg-0.14.0/lib/pg.rb:4:in `require': cannot load such file -- pg_ext (LoadError)
	from /usr/local/rvm/gems/ruby-1.9.3-p194@railsTest/gems/pg-0.14.0/lib/pg.rb:4:in `<top (required)>'
	from /usr/local/rvm/my_app/ruby_scripts/reports/FailedTestsLast30days.rb:2:in `require'
	from /usr/local/rvm/my_app/ruby_scripts/reports/FailedTestsLast30days.rb:2:in `<main>'


Started GET "/download/runmyscript" for 10.100.116.83 at 2012-07-25 16:44:07 -0400
Processing by DownloadController#runmyscript as HTML
Sent file /usr/local/rvm/tmp/failed_tests_last_30days.csv (1.6ms)
Completed 500 Internal Server Error in 454ms

ActionController::MissingFile (Cannot read file /usr/local/rvm/tmp/failed_tests_last_30days.csv):
  app/controllers/download_controller.rb:7:in `runmyscript'


  Rendered /usr/local/rvm/gems/ruby-1.9.3-p194@railsTest/gems/actionpack-3.2.6/lib/action_dispatch/middleware/templates/rescues/_trace.erb (4.3ms)
  Rendered /usr/local/rvm/gems/ruby-1.9.3-p194@railsTest/gems/actionpack-3.2.6/lib/action_dispatch/middleware/templates/rescues/_request_and_response.erb (2.3ms)
  Rendered /usr/local/rvm/gems/ruby-1.9.3-p194@railsTest/gems/actionpack-3.2.6/lib/action_dispatch/middleware/templates/rescues/diagnostics.erb within rescues/layout (16.1ms)
123
/usr/local/rvm/gems/ruby-1.9.3-p194@railsTest/gems/pg-0.14.0/lib/pg.rb:4:in `require': cannot load such file -- pg_ext (LoadError)
	from /usr/local/rvm/gems/ruby-1.9.3-p194@railsTest/gems/pg-0.14.0/lib/pg.rb:4:in `<top (required)>'
	from /usr/local/rvm/my_app/ruby_scripts/reports/FailedTestsLast30days.rb:2:in `require'
	from /usr/local/rvm/my_app/ruby_scripts/reports/FailedTestsLast30days.rb:2:in `<main>'


Started GET "/download/runmyscript" for 10.100.116.83 at 2012-07-25 17:03:59 -0400
Processing by DownloadController#runmyscript as HTML
Sent file /usr/local/rvm/tmp/failed_tests_last_30days.csv (1.6ms)
Completed 500 Internal Server Error in 458ms

ActionController::MissingFile (Cannot read file /usr/local/rvm/tmp/failed_tests_last_30days.csv):
  app/controllers/download_controller.rb:7:in `runmyscript'


  Rendered /usr/local/rvm/gems/ruby-1.9.3-p194@railsTest/gems/actionpack-3.2.6/lib/action_dispatch/middleware/templates/rescues/_trace.erb (4.1ms)
  Rendered /usr/local/rvm/gems/ruby-1.9.3-p194@railsTest/gems/actionpack-3.2.6/lib/action_dispatch/middleware/templates/rescues/_request_and_response.erb (2.3ms)
  Rendered /usr/local/rvm/gems/ruby-1.9.3-p194@railsTest/gems/actionpack-3.2.6/lib/action_dispatch/middleware/templates/rescues/diagnostics.erb within rescues/layout (16.2ms)


Started GET "/adhoc/adhoc_reports" for 10.100.116.83 at 2012-07-25 17:21:11 -0400
Processing by AdhocController#adhoc_reports as HTML
  Rendered adhoc/adhoc_reports.html.erb within layouts/application (2.6ms)
Completed 200 OK in 11ms (Views: 9.6ms | ActiveRecord: 0.0ms)
123
/usr/local/rvm/gems/ruby-1.9.3-p194@railsTest/gems/pg-0.14.0/lib/pg.rb:4:in `require': cannot load such file -- pg_ext (LoadError)
	from /usr/local/rvm/gems/ruby-1.9.3-p194@railsTest/gems/pg-0.14.0/lib/pg.rb:4:in `<top (required)>'
	from /usr/local/rvm/my_app/ruby_scripts/reports/FailedTestsLast30days.rb:2:in `require'
	from /usr/local/rvm/my_app/ruby_scripts/reports/FailedTestsLast30days.rb:2:in `<main>'
[2012-07-25 17:21:42] WARN  Could not determine content-length of response body. Set content-length of the response or set Response#chunked = true


Started GET "/download/runmyscript" for 10.100.116.83 at 2012-07-25 17:21:16 -0400
Processing by DownloadController#runmyscript as HTML
Sent file /usr/local/rvm/tmp/failed_tests_last_30days.csv (1.8ms)
Completed 500 Internal Server Error in 474ms

ActionController::MissingFile (Cannot read file /usr/local/rvm/tmp/failed_tests_last_30days.csv):
  app/controllers/download_controller.rb:7:in `runmyscript'


  Rendered /usr/local/rvm/gems/ruby-1.9.3-p194@railsTest/gems/actionpack-3.2.6/lib/action_dispatch/middleware/templates/rescues/_trace.erb (3.3ms)
  Rendered /usr/local/rvm/gems/ruby-1.9.3-p194@railsTest/gems/actionpack-3.2.6/lib/action_dispatch/middleware/templates/rescues/_request_and_response.erb (1.3ms)
  Rendered /usr/local/rvm/gems/ruby-1.9.3-p194@railsTest/gems/actionpack-3.2.6/lib/action_dispatch/middleware/templates/rescues/diagnostics.erb within rescues/layout (92.9ms)


Started GET "/adhoc/adhoc_reports" for 10.100.116.83 at 2012-07-25 17:21:42 -0400
Processing by AdhocController#adhoc_reports as HTML
  Rendered adhoc/adhoc_reports.html.erb within layouts/application (1.7ms)
Completed 200 OK in 9ms (Views: 8.0ms | ActiveRecord: 0.0ms)
123
/usr/local/rvm/gems/ruby-1.9.3-p194@railsTest/gems/pg-0.14.0/lib/pg.rb:4:in `require': cannot load such file -- pg_ext (LoadError)
	from /usr/local/rvm/gems/ruby-1.9.3-p194@railsTest/gems/pg-0.14.0/lib/pg.rb:4:in `<top (required)>'
	from /usr/local/rvm/my_app/ruby_scripts/reports/FailedTestsLast30days.rb:2:in `require'
	from /usr/local/rvm/my_app/ruby_scripts/reports/FailedTestsLast30days.rb:2:in `<main>'


Started GET "/download/runmyscript" for 10.100.116.83 at 2012-07-25 17:21:49 -0400
Processing by DownloadController#runmyscript as HTML
Sent file /usr/local/rvm/tmp/failed_tests_last_30days.csv (1.9ms)
Completed 500 Internal Server Error in 452ms

ActionController::MissingFile (Cannot read file /usr/local/rvm/tmp/failed_tests_last_30days.csv):
  app/controllers/download_controller.rb:7:in `runmyscript'


  Rendered /usr/local/rvm/gems/ruby-1.9.3-p194@railsTest/gems/actionpack-3.2.6/lib/action_dispatch/middleware/templates/rescues/_trace.erb (4.6ms)
  Rendered /usr/local/rvm/gems/ruby-1.9.3-p194@railsTest/gems/actionpack-3.2.6/lib/action_dispatch/middleware/templates/rescues/_request_and_response.erb (2.4ms)
  Rendered /usr/local/rvm/gems/ruby-1.9.3-p194@railsTest/gems/actionpack-3.2.6/lib/action_dispatch/middleware/templates/rescues/diagnostics.erb within rescues/layout (18.0ms)
123
/usr/local/rvm/gems/ruby-1.9.3-p194@railsTest/gems/pg-0.14.0/lib/pg.rb:4:in `require': cannot load such file -- pg_ext (LoadError)
	from /usr/local/rvm/gems/ruby-1.9.3-p194@railsTest/gems/pg-0.14.0/lib/pg.rb:4:in `<top (required)>'
	from /usr/local/rvm/my_app/ruby_scripts/reports/FailedTestsLast30days.rb:2:in `require'
	from /usr/local/rvm/my_app/ruby_scripts/reports/FailedTestsLast30days.rb:2:in `<main>'


Started GET "/download/runmyscript" for 10.100.116.83 at 2012-07-25 17:22:16 -0400
Processing by DownloadController#runmyscript as HTML
Sent file /usr/local/rvm/tmp/failed_tests_last_30days.csv (1.8ms)
Completed 500 Internal Server Error in 458ms

ActionController::MissingFile (Cannot read file /usr/local/rvm/tmp/failed_tests_last_30days.csv):
  app/controllers/download_controller.rb:7:in `runmyscript'


  Rendered /usr/local/rvm/gems/ruby-1.9.3-p194@railsTest/gems/actionpack-3.2.6/lib/action_dispatch/middleware/templates/rescues/_trace.erb (4.5ms)
  Rendered /usr/local/rvm/gems/ruby-1.9.3-p194@railsTest/gems/actionpack-3.2.6/lib/action_dispatch/middleware/templates/rescues/_request_and_response.erb (2.3ms)
  Rendered /usr/local/rvm/gems/ruby-1.9.3-p194@railsTest/gems/actionpack-3.2.6/lib/action_dispatch/middleware/templates/rescues/diagnostics.erb within rescues/layout (17.4ms)
123
/usr/local/rvm/gems/ruby-1.9.3-p194@railsTest/gems/pg-0.14.0/lib/pg.rb:4:in `require': cannot load such file -- pg_ext (LoadError)
	from /usr/local/rvm/gems/ruby-1.9.3-p194@railsTest/gems/pg-0.14.0/lib/pg.rb:4:in `<top (required)>'
	from /usr/local/rvm/my_app/ruby_scripts/reports/FailedTestsLast30days.rb:2:in `require'
	from /usr/local/rvm/my_app/ruby_scripts/reports/FailedTestsLast30days.rb:2:in `<main>'


Started GET "/download/runmyscript" for 10.100.116.83 at 2012-07-25 17:22:20 -0400
Processing by DownloadController#runmyscript as HTML
Sent file /usr/local/rvm/tmp/failed_tests_last_30days.csv (0.8ms)
Completed 500 Internal Server Error in 441ms

ActionController::MissingFile (Cannot read file /usr/local/rvm/tmp/failed_tests_last_30days.csv):
  app/controllers/download_controller.rb:7:in `runmyscript'


  Rendered /usr/local/rvm/gems/ruby-1.9.3-p194@railsTest/gems/actionpack-3.2.6/lib/action_dispatch/middleware/templates/rescues/_trace.erb (4.4ms)
  Rendered /usr/local/rvm/gems/ruby-1.9.3-p194@railsTest/gems/actionpack-3.2.6/lib/action_dispatch/middleware/templates/rescues/_request_and_response.erb (2.1ms)
  Rendered /usr/local/rvm/gems/ruby-1.9.3-p194@railsTest/gems/actionpack-3.2.6/lib/action_dispatch/middleware/templates/rescues/diagnostics.erb within rescues/layout (16.1ms)
123
/usr/local/rvm/gems/ruby-1.9.3-p194@railsTest/gems/pg-0.14.0/lib/pg.rb:4:in `require': cannot load such file -- pg_ext (LoadError)
	from /usr/local/rvm/gems/ruby-1.9.3-p194@railsTest/gems/pg-0.14.0/lib/pg.rb:4:in `<top (required)>'
	from /usr/local/rvm/my_app/ruby_scripts/reports/FailedTestsLast30days.rb:2:in `require'
	from /usr/local/rvm/my_app/ruby_scripts/reports/FailedTestsLast30days.rb:2:in `<main>'
[2012-07-25 17:22:29] WARN  Could not determine content-length of response body. Set content-length of the response or set Response#chunked = true


Started GET "/download/runmyscript" for 10.100.116.83 at 2012-07-25 17:22:25 -0400
Processing by DownloadController#runmyscript as HTML
Sent file /usr/local/rvm/tmp/failed_tests_last_30days.csv (1.7ms)
Completed 500 Internal Server Error in 449ms

ActionController::MissingFile (Cannot read file /usr/local/rvm/tmp/failed_tests_last_30days.csv):
  app/controllers/download_controller.rb:7:in `runmyscript'


  Rendered /usr/local/rvm/gems/ruby-1.9.3-p194@railsTest/gems/actionpack-3.2.6/lib/action_dispatch/middleware/templates/rescues/_trace.erb (4.3ms)
  Rendered /usr/local/rvm/gems/ruby-1.9.3-p194@railsTest/gems/actionpack-3.2.6/lib/action_dispatch/middleware/templates/rescues/_request_and_response.erb (2.5ms)
  Rendered /usr/local/rvm/gems/ruby-1.9.3-p194@railsTest/gems/actionpack-3.2.6/lib/action_dispatch/middleware/templates/rescues/diagnostics.erb within rescues/layout (19.0ms)


Started GET "/adhoc/adhoc_reports" for 10.100.116.83 at 2012-07-25 17:22:29 -0400
Processing by AdhocController#adhoc_reports as HTML
  Rendered adhoc/adhoc_reports.html.erb within layouts/application (2.9ms)
Completed 200 OK in 11ms (Views: 10.0ms | ActiveRecord: 0.0ms)
123
/usr/local/rvm/gems/ruby-1.9.3-p194@railsTest/gems/pg-0.14.0/lib/pg.rb:4:in `require': cannot load such file -- pg_ext (LoadError)
	from /usr/local/rvm/gems/ruby-1.9.3-p194@railsTest/gems/pg-0.14.0/lib/pg.rb:4:in `<top (required)>'
	from /usr/local/rvm/my_app/ruby_scripts/reports/FailedTestsLast30days.rb:2:in `require'
	from /usr/local/rvm/my_app/ruby_scripts/reports/FailedTestsLast30days.rb:2:in `<main>'
[2012-07-25 17:22:53] WARN  Could not determine content-length of response body. Set content-length of the response or set Response#chunked = true


Started GET "/download/runmyscript" for 10.100.116.83 at 2012-07-25 17:22:30 -0400
Processing by DownloadController#runmyscript as HTML
Sent file /usr/local/rvm/tmp/failed_tests_last_30days.csv (1.7ms)
Completed 500 Internal Server Error in 448ms

ActionController::MissingFile (Cannot read file /usr/local/rvm/tmp/failed_tests_last_30days.csv):
  app/controllers/download_controller.rb:7:in `runmyscript'


  Rendered /usr/local/rvm/gems/ruby-1.9.3-p194@railsTest/gems/actionpack-3.2.6/lib/action_dispatch/middleware/templates/rescues/_trace.erb (4.3ms)
  Rendered /usr/local/rvm/gems/ruby-1.9.3-p194@railsTest/gems/actionpack-3.2.6/lib/action_dispatch/middleware/templates/rescues/_request_and_response.erb (2.4ms)
  Rendered /usr/local/rvm/gems/ruby-1.9.3-p194@railsTest/gems/actionpack-3.2.6/lib/action_dispatch/middleware/templates/rescues/diagnostics.erb within rescues/layout (17.0ms)


Started GET "/adhoc/adhoc_reports" for 10.100.116.83 at 2012-07-25 17:22:52 -0400
Processing by AdhocController#adhoc_reports as HTML
  Rendered adhoc/adhoc_reports.html.erb within layouts/application (1.2ms)
Completed 200 OK in 6ms (Views: 5.5ms | ActiveRecord: 0.0ms)
123
/usr/local/rvm/gems/ruby-1.9.3-p194@railsTest/gems/pg-0.14.0/lib/pg.rb:4:in `require': cannot load such file -- pg_ext (LoadError)
	from /usr/local/rvm/gems/ruby-1.9.3-p194@railsTest/gems/pg-0.14.0/lib/pg.rb:4:in `<top (required)>'
	from /usr/local/rvm/my_app/ruby_scripts/reports/FailedTestsLast30days.rb:2:in `require'
	from /usr/local/rvm/my_app/ruby_scripts/reports/FailedTestsLast30days.rb:2:in `<main>'


Started GET "/download/runmyscript" for 10.100.116.83 at 2012-07-25 17:22:54 -0400
Processing by DownloadController#runmyscript as HTML
Sent file /usr/local/rvm/tmp/failed_tests_last_30days.csv (1.7ms)
Completed 500 Internal Server Error in 452ms

ActionController::MissingFile (Cannot read file /usr/local/rvm/tmp/failed_tests_last_30days.csv):
  app/controllers/download_controller.rb:7:in `runmyscript'


  Rendered /usr/local/rvm/gems/ruby-1.9.3-p194@railsTest/gems/actionpack-3.2.6/lib/action_dispatch/middleware/templates/rescues/_trace.erb (4.6ms)
  Rendered /usr/local/rvm/gems/ruby-1.9.3-p194@railsTest/gems/actionpack-3.2.6/lib/action_dispatch/middleware/templates/rescues/_request_and_response.erb (2.3ms)
  Rendered /usr/local/rvm/gems/ruby-1.9.3-p194@railsTest/gems/actionpack-3.2.6/lib/action_dispatch/middleware/templates/rescues/diagnostics.erb within rescues/layout (16.8ms)
123
/usr/local/rvm/gems/ruby-1.9.3-p194@railsTest/gems/pg-0.14.0/lib/pg.rb:4:in `require': cannot load such file -- pg_ext (LoadError)
	from /usr/local/rvm/gems/ruby-1.9.3-p194@railsTest/gems/pg-0.14.0/lib/pg.rb:4:in `<top (required)>'
	from /usr/local/rvm/my_app/ruby_scripts/reports/FailedTestsLast30days.rb:2:in `require'
	from /usr/local/rvm/my_app/ruby_scripts/reports/FailedTestsLast30days.rb:2:in `<main>'


Started GET "/download/runmyscript" for 10.100.116.83 at 2012-07-25 17:23:08 -0400
Processing by DownloadController#runmyscript as HTML
Sent file /usr/local/rvm/tmp/failed_tests_last_30days.csv (1.8ms)
Completed 500 Internal Server Error in 455ms

ActionController::MissingFile (Cannot read file /usr/local/rvm/tmp/failed_tests_last_30days.csv):
  app/controllers/download_controller.rb:7:in `runmyscript'


  Rendered /usr/local/rvm/gems/ruby-1.9.3-p194@railsTest/gems/actionpack-3.2.6/lib/action_dispatch/middleware/templates/rescues/_trace.erb (4.4ms)
  Rendered /usr/local/rvm/gems/ruby-1.9.3-p194@railsTest/gems/actionpack-3.2.6/lib/action_dispatch/middleware/templates/rescues/_request_and_response.erb (2.4ms)
  Rendered /usr/local/rvm/gems/ruby-1.9.3-p194@railsTest/gems/actionpack-3.2.6/lib/action_dispatch/middleware/templates/rescues/diagnostics.erb within rescues/layout (17.5ms)


Started GET "/" for 10.100.116.83 at 2012-07-25 17:44:04 -0400
Processing by HomeController#index as HTML
  Rendered home/index.html.erb within layouts/application (0.2ms)
Completed 200 OK in 10ms (Views: 8.4ms | ActiveRecord: 0.0ms)


Started GET "/adhoc/adhoc_reports" for 10.100.116.83 at 2012-07-25 17:44:05 -0400
Processing by AdhocController#adhoc_reports as HTML
  Rendered adhoc/adhoc_reports.html.erb within layouts/application (1.4ms)
Completed 200 OK in 5ms (Views: 4.9ms | ActiveRecord: 0.0ms)
123
/usr/local/rvm/gems/ruby-1.9.3-p194@railsTest/gems/pg-0.14.0/lib/pg.rb:4:in `require': cannot load such file -- pg_ext (LoadError)
	from /usr/local/rvm/gems/ruby-1.9.3-p194@railsTest/gems/pg-0.14.0/lib/pg.rb:4:in `<top (required)>'
	from /usr/local/rvm/my_app/ruby_scripts/reports/FailedTestsLast30days.rb:2:in `require'
	from /usr/local/rvm/my_app/ruby_scripts/reports/FailedTestsLast30days.rb:2:in `<main>'


Started GET "/download/runmyscript" for 10.100.116.83 at 2012-07-25 17:44:07 -0400
Processing by DownloadController#runmyscript as HTML
Sent file /usr/local/rvm/tmp/failed_tests_last_30days.csv (1.7ms)
Completed 500 Internal Server Error in 461ms

ActionController::MissingFile (Cannot read file /usr/local/rvm/tmp/failed_tests_last_30days.csv):
  app/controllers/download_controller.rb:7:in `runmyscript'


  Rendered /usr/local/rvm/gems/ruby-1.9.3-p194@railsTest/gems/actionpack-3.2.6/lib/action_dispatch/middleware/templates/rescues/_trace.erb (4.3ms)
  Rendered /usr/local/rvm/gems/ruby-1.9.3-p194@railsTest/gems/actionpack-3.2.6/lib/action_dispatch/middleware/templates/rescues/_request_and_response.erb (2.4ms)
  Rendered /usr/local/rvm/gems/ruby-1.9.3-p194@railsTest/gems/actionpack-3.2.6/lib/action_dispatch/middleware/templates/rescues/diagnostics.erb within rescues/layout (17.4ms)
123
/usr/local/rvm/gems/ruby-1.9.3-p194@railsTest/gems/pg-0.14.0/lib/pg.rb:4:in `require': cannot load such file -- pg_ext (LoadError)
	from /usr/local/rvm/gems/ruby-1.9.3-p194@railsTest/gems/pg-0.14.0/lib/pg.rb:4:in `<top (required)>'
	from /usr/local/rvm/my_app/ruby_scripts/reports/FailedTestsLast30days.rb:2:in `require'
	from /usr/local/rvm/my_app/ruby_scripts/reports/FailedTestsLast30days.rb:2:in `<main>'


Started GET "/download/runmyscript" for 10.100.116.83 at 2012-07-25 17:50:26 -0400
Processing by DownloadController#runmyscript as HTML
Sent file /usr/local/rvm/tmp/failed_tests_last_30days.csv (1.7ms)
Completed 500 Internal Server Error in 461ms

ActionController::MissingFile (Cannot read file /usr/local/rvm/tmp/failed_tests_last_30days.csv):
  app/controllers/download_controller.rb:7:in `runmyscript'


  Rendered /usr/local/rvm/gems/ruby-1.9.3-p194@railsTest/gems/actionpack-3.2.6/lib/action_dispatch/middleware/templates/rescues/_trace.erb (4.2ms)
  Rendered /usr/local/rvm/gems/ruby-1.9.3-p194@railsTest/gems/actionpack-3.2.6/lib/action_dispatch/middleware/templates/rescues/_request_and_response.erb (2.3ms)
  Rendered /usr/local/rvm/gems/ruby-1.9.3-p194@railsTest/gems/actionpack-3.2.6/lib/action_dispatch/middleware/templates/rescues/diagnostics.erb within rescues/layout (16.5ms)
123
/usr/local/rvm/gems/ruby-1.9.3-p194@railsTest/gems/pg-0.14.0/lib/pg.rb:4:in `require': cannot load such file -- pg_ext (LoadError)
	from /usr/local/rvm/gems/ruby-1.9.3-p194@railsTest/gems/pg-0.14.0/lib/pg.rb:4:in `<top (required)>'
	from /usr/local/rvm/my_app/ruby_scripts/reports/FailedTestsLast30days.rb:2:in `require'
	from /usr/local/rvm/my_app/ruby_scripts/reports/FailedTestsLast30days.rb:2:in `<main>'
[2012-07-25 17:52:26] WARN  Could not determine content-length of response body. Set content-length of the response or set Response#chunked = true
[2012-07-25 17:52:27] WARN  Could not determine content-length of response body. Set content-length of the response or set Response#chunked = true
[2012-07-25 17:52:51] WARN  Could not determine content-length of response body. Set content-length of the response or set Response#chunked = true


Started GET "/download/runmyscript" for 10.100.116.83 at 2012-07-25 17:51:39 -0400
Processing by DownloadController#runmyscript as HTML
Sent file /usr/local/rvm/tmp/failed_tests_last_30days.csv (1.8ms)
Completed 500 Internal Server Error in 459ms

ActionController::MissingFile (Cannot read file /usr/local/rvm/tmp/failed_tests_last_30days.csv):
  app/controllers/download_controller.rb:7:in `runmyscript'


  Rendered /usr/local/rvm/gems/ruby-1.9.3-p194@railsTest/gems/actionpack-3.2.6/lib/action_dispatch/middleware/templates/rescues/_trace.erb (4.5ms)
  Rendered /usr/local/rvm/gems/ruby-1.9.3-p194@railsTest/gems/actionpack-3.2.6/lib/action_dispatch/middleware/templates/rescues/_request_and_response.erb (2.3ms)
  Rendered /usr/local/rvm/gems/ruby-1.9.3-p194@railsTest/gems/actionpack-3.2.6/lib/action_dispatch/middleware/templates/rescues/diagnostics.erb within rescues/layout (16.6ms)


Started GET "/download/runmyscript" for 10.100.116.83 at 2012-07-25 17:52:13 -0400

ActionController::RoutingError (undefined local variable or method `flash' for DownloadController:Class):
  app/controllers/download_controller.rb:2:in `<class:DownloadController>'
  app/controllers/download_controller.rb:1:in `<top (required)>'


  Rendered /usr/local/rvm/gems/ruby-1.9.3-p194@railsTest/gems/actionpack-3.2.6/lib/action_dispatch/middleware/templates/rescues/routing_error.erb within rescues/layout (1.1ms)


Started GET "/adhoc/adhoc_reports" for 10.100.116.83 at 2012-07-25 17:52:16 -0400
Processing by AdhocController#adhoc_reports as HTML
  Rendered adhoc/adhoc_reports.html.erb within layouts/application (2.0ms)
Completed 200 OK in 9ms (Views: 8.3ms | ActiveRecord: 0.0ms)


Started GET "/download/runmyscript" for 10.100.116.83 at 2012-07-25 17:52:18 -0400
Processing by DownloadController#runmyscript as HTML
  Rendered download/runmyscript.html.erb within layouts/application (0.4ms)
Completed 200 OK in 5ms (Views: 4.2ms | ActiveRecord: 0.0ms)


Started GET "/adhoc/adhoc_reports" for 10.100.116.83 at 2012-07-25 17:52:26 -0400
Processing by AdhocController#adhoc_reports as HTML
  Rendered adhoc/adhoc_reports.html.erb within layouts/application (0.7ms)
Completed 200 OK in 4ms (Views: 3.6ms | ActiveRecord: 0.0ms)


Started GET "/download/runmyscript" for 10.100.116.83 at 2012-07-25 17:52:27 -0400
Processing by DownloadController#runmyscript as HTML
  Rendered download/runmyscript.html.erb within layouts/application (0.0ms)
Completed 200 OK in 3ms (Views: 2.8ms | ActiveRecord: 0.0ms)


Started GET "/adhoc/adhoc_reports" for 10.100.116.83 at 2012-07-25 17:52:51 -0400
Processing by AdhocController#adhoc_reports as HTML
  Rendered adhoc/adhoc_reports.html.erb within layouts/application (0.6ms)
Completed 200 OK in 4ms (Views: 3.8ms | ActiveRecord: 0.0ms)
123
/usr/local/rvm/gems/ruby-1.9.3-p194@railsTest/gems/pg-0.14.0/lib/pg.rb:4:in `require': cannot load such file -- pg_ext (LoadError)
	from /usr/local/rvm/gems/ruby-1.9.3-p194@railsTest/gems/pg-0.14.0/lib/pg.rb:4:in `<top (required)>'
	from /usr/local/rvm/my_app/ruby_scripts/reports/FailedTestsLast30days.rb:2:in `require'
	from /usr/local/rvm/my_app/ruby_scripts/reports/FailedTestsLast30days.rb:2:in `<main>'


Started GET "/download/runmyscript" for 10.100.116.83 at 2012-07-25 17:52:52 -0400
Processing by DownloadController#runmyscript as HTML
Sent file /usr/local/rvm/tmp/failed_tests_last_30days.csv (1.7ms)
Completed 500 Internal Server Error in 466ms

ActionController::MissingFile (Cannot read file /usr/local/rvm/tmp/failed_tests_last_30days.csv):
  app/controllers/download_controller.rb:6:in `runmyscript'


  Rendered /usr/local/rvm/gems/ruby-1.9.3-p194@railsTest/gems/actionpack-3.2.6/lib/action_dispatch/middleware/templates/rescues/_trace.erb (4.3ms)
  Rendered /usr/local/rvm/gems/ruby-1.9.3-p194@railsTest/gems/actionpack-3.2.6/lib/action_dispatch/middleware/templates/rescues/_request_and_response.erb (2.3ms)
  Rendered /usr/local/rvm/gems/ruby-1.9.3-p194@railsTest/gems/actionpack-3.2.6/lib/action_dispatch/middleware/templates/rescues/diagnostics.erb within rescues/layout (17.0ms)


Started GET "/adhoc/adhoc_reports" for 10.100.116.83 at 2012-07-25 17:54:50 -0400
Processing by AdhocController#adhoc_reports as HTML
ERROR: compiling _app_views_adhoc_adhoc_reports_html_erb__3503304511555846936_112912560 RAISED /usr/local/rvm/my_app/app/views/adhoc/adhoc_reports.html.erb:8: syntax error, unexpected ':', expecting ')'
...oad', :action=>'runmyscript'} :notice =>'Reports are process...
...                               ^
/usr/local/rvm/my_app/app/views/adhoc/adhoc_reports.html.erb:8: syntax error, unexpected ')', expecting keyword_end
...=>'Reports are processing...'));@output_buffer.safe_concat('
...                               ^
Function body:           def _app_views_adhoc_adhoc_reports_html_erb__3503304511555846936_112912560(local_assigns, output_buffer)
            _old_virtual_path, @virtual_path = @virtual_path, "adhoc/adhoc_reports";_old_output_buffer = @output_buffer;;@output_buffer = output_buffer || ActionView::OutputBuffer.new; @page_title = "Adhoc Reports"
@output_buffer.safe_concat('
<p>The Adhoc Reports is coming soon...</p>

');@output_buffer.append= ( link_to "link to test.csv file", "/test.csv" );@output_buffer.safe_concat('
<p></p>

');@output_buffer.append= ( link_to('Run', {:controller=>'download', :action=>'runmyscript'} :notice =>'Reports are processing...'));@output_buffer.safe_concat('
');@output_buffer.safe_concat('
 
<div id="notice">');@output_buffer.append= ( flash[:notice] );@output_buffer.safe_concat('</div>');@output_buffer.to_s
          ensure
            @virtual_path, @output_buffer = _old_virtual_path, _old_output_buffer
          end

Backtrace: /usr/local/rvm/gems/ruby-1.9.3-p194@railsTest/gems/actionpack-3.2.6/lib/action_view/template.rb:297:in `module_eval'
/usr/local/rvm/gems/ruby-1.9.3-p194@railsTest/gems/actionpack-3.2.6/lib/action_view/template.rb:297:in `compile'
/usr/local/rvm/gems/ruby-1.9.3-p194@railsTest/gems/actionpack-3.2.6/lib/action_view/template.rb:244:in `block in compile!'
<internal:prelude>:10:in `synchronize'
/usr/local/rvm/gems/ruby-1.9.3-p194@railsTest/gems/actionpack-3.2.6/lib/action_view/template.rb:232:in `compile!'
/usr/local/rvm/gems/ruby-1.9.3-p194@railsTest/gems/actionpack-3.2.6/lib/action_view/template.rb:144:in `block in render'
/usr/local/rvm/gems/ruby-1.9.3-p194@railsTest/gems/activesupport-3.2.6/lib/active_support/notifications.rb:125:in `instrument'
/usr/local/rvm/gems/ruby-1.9.3-p194@railsTest/gems/actionpack-3.2.6/lib/action_view/template.rb:143:in `render'
/usr/local/rvm/gems/ruby-1.9.3-p194@railsTest/gems/actionpack-3.2.6/lib/action_view/renderer/template_renderer.rb:47:in `block (2 levels) in render_template'
/usr/local/rvm/gems/ruby-1.9.3-p194@railsTest/gems/actionpack-3.2.6/lib/action_view/renderer/abstract_renderer.rb:38:in `block in instrument'
/usr/local/rvm/gems/ruby-1.9.3-p194@railsTest/gems/activesupport-3.2.6/lib/active_support/notifications.rb:123:in `block in instrument'
/usr/local/rvm/gems/ruby-1.9.3-p194@railsTest/gems/activesupport-3.2.6/lib/active_support/notifications/instrumenter.rb:20:in `instrument'
/usr/local/rvm/gems/ruby-1.9.3-p194@railsTest/gems/activesupport-3.2.6/lib/active_support/notifications.rb:123:in `instrument'
/usr/local/rvm/gems/ruby-1.9.3-p194@railsTest/gems/actionpack-3.2.6/lib/action_view/renderer/abstract_renderer.rb:38:in `instrument'
/usr/local/rvm/gems/ruby-1.9.3-p194@railsTest/gems/actionpack-3.2.6/lib/action_view/renderer/template_renderer.rb:46:in `block in render_template'
/usr/local/rvm/gems/ruby-1.9.3-p194@railsTest/gems/actionpack-3.2.6/lib/action_view/renderer/template_renderer.rb:54:in `render_with_layout'
/usr/local/rvm/gems/ruby-1.9.3-p194@railsTest/gems/actionpack-3.2.6/lib/action_view/renderer/template_renderer.rb:45:in `render_template'
/usr/local/rvm/gems/ruby-1.9.3-p194@railsTest/gems/actionpack-3.2.6/lib/action_view/renderer/template_renderer.rb:18:in `render'
/usr/local/rvm/gems/ruby-1.9.3-p194@railsTest/gems/actionpack-3.2.6/lib/action_view/renderer/renderer.rb:36:in `render_template'
/usr/local/rvm/gems/ruby-1.9.3-p194@railsTest/gems/actionpack-3.2.6/lib/action_view/renderer/renderer.rb:17:in `render'
/usr/local/rvm/gems/ruby-1.9.3-p194@railsTest/gems/actionpack-3.2.6/lib/abstract_controller/rendering.rb:110:in `_render_template'
/usr/local/rvm/gems/ruby-1.9.3-p194@railsTest/gems/actionpack-3.2.6/lib/action_controller/metal/streaming.rb:225:in `_render_template'
/usr/local/rvm/gems/ruby-1.9.3-p194@railsTest/gems/actionpack-3.2.6/lib/abstract_controller/rendering.rb:103:in `render_to_body'
/usr/local/rvm/gems/ruby-1.9.3-p194@railsTest/gems/actionpack-3.2.6/lib/action_controller/metal/renderers.rb:28:in `render_to_body'
/usr/local/rvm/gems/ruby-1.9.3-p194@railsTest/gems/actionpack-3.2.6/lib/action_controller/metal/compatibility.rb:50:in `render_to_body'
/usr/local/rvm/gems/ruby-1.9.3-p194@railsTest/gems/actionpack-3.2.6/lib/abstract_controller/rendering.rb:88:in `render'
/usr/local/rvm/gems/ruby-1.9.3-p194@railsTest/gems/actionpack-3.2.6/lib/action_controller/metal/rendering.rb:16:in `render'
/usr/local/rvm/gems/ruby-1.9.3-p194@railsTest/gems/actionpack-3.2.6/lib/action_controller/metal/instrumentation.rb:40:in `block (2 levels) in render'
/usr/local/rvm/gems/ruby-1.9.3-p194@railsTest/gems/activesupport-3.2.6/lib/active_support/core_ext/benchmark.rb:5:in `block in ms'
/usr/local/rvm/rubies/ruby-1.9.3-p194/lib/ruby/1.9.1/benchmark.rb:295:in `realtime'
/usr/local/rvm/gems/ruby-1.9.3-p194@railsTest/gems/activesupport-3.2.6/lib/active_support/core_ext/benchmark.rb:5:in `ms'
/usr/local/rvm/gems/ruby-1.9.3-p194@railsTest/gems/actionpack-3.2.6/lib/action_controller/metal/instrumentation.rb:40:in `block in render'
/usr/local/rvm/gems/ruby-1.9.3-p194@railsTest/gems/actionpack-3.2.6/lib/action_controller/metal/instrumentation.rb:83:in `cleanup_view_runtime'
/usr/local/rvm/gems/ruby-1.9.3-p194@railsTest/gems/activerecord-3.2.6/lib/active_record/railties/controller_runtime.rb:24:in `cleanup_view_runtime'
/usr/local/rvm/gems/ruby-1.9.3-p194@railsTest/gems/actionpack-3.2.6/lib/action_controller/metal/instrumentation.rb:39:in `render'
/usr/local/rvm/gems/ruby-1.9.3-p194@railsTest/gems/actionpack-3.2.6/lib/action_controller/metal/implicit_render.rb:10:in `default_render'
/usr/local/rvm/gems/ruby-1.9.3-p194@railsTest/gems/actionpack-3.2.6/lib/action_controller/metal/implicit_render.rb:5:in `send_action'
/usr/local/rvm/gems/ruby-1.9.3-p194@railsTest/gems/actionpack-3.2.6/lib/abstract_controller/base.rb:167:in `process_action'
/usr/local/rvm/gems/ruby-1.9.3-p194@railsTest/gems/actionpack-3.2.6/lib/action_controller/metal/rendering.rb:10:in `process_action'
/usr/local/rvm/gems/ruby-1.9.3-p194@railsTest/gems/actionpack-3.2.6/lib/abstract_controller/callbacks.rb:18:in `block in process_action'
/usr/local/rvm/gems/ruby-1.9.3-p194@railsTest/gems/activesupport-3.2.6/lib/active_support/callbacks.rb:414:in `_run__3780087534738214092__process_action__4442154730976665356__callbacks'
/usr/local/rvm/gems/ruby-1.9.3-p194@railsTest/gems/activesupport-3.2.6/lib/active_support/callbacks.rb:405:in `__run_callback'
/usr/local/rvm/gems/ruby-1.9.3-p194@railsTest/gems/activesupport-3.2.6/lib/active_support/callbacks.rb:385:in `_run_process_action_callbacks'
/usr/local/rvm/gems/ruby-1.9.3-p194@railsTest/gems/activesupport-3.2.6/lib/active_support/callbacks.rb:81:in `run_callbacks'
/usr/local/rvm/gems/ruby-1.9.3-p194@railsTest/gems/actionpack-3.2.6/lib/abstract_controller/callbacks.rb:17:in `process_action'
/usr/local/rvm/gems/ruby-1.9.3-p194@railsTest/gems/actionpack-3.2.6/lib/action_controller/metal/rescue.rb:29:in `process_action'
/usr/local/rvm/gems/ruby-1.9.3-p194@railsTest/gems/actionpack-3.2.6/lib/action_controller/metal/instrumentation.rb:30:in `block in process_action'
/usr/local/rvm/gems/ruby-1.9.3-p194@railsTest/gems/activesupport-3.2.6/lib/active_support/notifications.rb:123:in `block in instrument'
/usr/local/rvm/gems/ruby-1.9.3-p194@railsTest/gems/activesupport-3.2.6/lib/active_support/notifications/instrumenter.rb:20:in `instrument'
/usr/local/rvm/gems/ruby-1.9.3-p194@railsTest/gems/activesupport-3.2.6/lib/active_support/notifications.rb:123:in `instrument'
/usr/local/rvm/gems/ruby-1.9.3-p194@railsTest/gems/actionpack-3.2.6/lib/action_controller/metal/instrumentation.rb:29:in `process_action'
/usr/local/rvm/gems/ruby-1.9.3-p194@railsTest/gems/actionpack-3.2.6/lib/action_controller/metal/params_wrapper.rb:206:in `process_action'
/usr/local/rvm/gems/ruby-1.9.3-p194@railsTest/gems/activerecord-3.2.6/lib/active_record/railties/controller_runtime.rb:18:in `process_action'
/usr/local/rvm/gems/ruby-1.9.3-p194@railsTest/gems/actionpack-3.2.6/lib/abstract_controller/base.rb:121:in `process'
/usr/local/rvm/gems/ruby-1.9.3-p194@railsTest/gems/actionpack-3.2.6/lib/abstract_controller/rendering.rb:45:in `process'
/usr/local/rvm/gems/ruby-1.9.3-p194@railsTest/gems/actionpack-3.2.6/lib/action_controller/metal.rb:203:in `dispatch'
/usr/local/rvm/gems/ruby-1.9.3-p194@railsTest/gems/actionpack-3.2.6/lib/action_controller/metal/rack_delegation.rb:14:in `dispatch'
/usr/local/rvm/gems/ruby-1.9.3-p194@railsTest/gems/actionpack-3.2.6/lib/action_controller/metal.rb:246:in `block in action'
/usr/local/rvm/gems/ruby-1.9.3-p194@railsTest/gems/actionpack-3.2.6/lib/action_dispatch/routing/route_set.rb:73:in `call'
/usr/local/rvm/gems/ruby-1.9.3-p194@railsTest/gems/actionpack-3.2.6/lib/action_dispatch/routing/route_set.rb:73:in `dispatch'
/usr/local/rvm/gems/ruby-1.9.3-p194@railsTest/gems/actionpack-3.2.6/lib/action_dispatch/routing/route_set.rb:36:in `call'
/usr/local/rvm/gems/ruby-1.9.3-p194@railsTest/gems/journey-1.0.4/lib/journey/router.rb:68:in `block in call'
/usr/local/rvm/gems/ruby-1.9.3-p194@railsTest/gems/journey-1.0.4/lib/journey/router.rb:56:in `each'
/usr/local/rvm/gems/ruby-1.9.3-p194@railsTest/gems/journey-1.0.4/lib/journey/router.rb:56:in `call'
/usr/local/rvm/gems/ruby-1.9.3-p194@railsTest/gems/actionpack-3.2.6/lib/action_dispatch/routing/route_set.rb:600:in `call'
/usr/local/rvm/gems/ruby-1.9.3-p194@railsTest/gems/actionpack-3.2.6/lib/action_dispatch/middleware/best_standards_support.rb:17:in `call'
/usr/local/rvm/gems/ruby-1.9.3-p194@railsTest/gems/rack-1.4.1/lib/rack/etag.rb:23:in `call'
/usr/local/rvm/gems/ruby-1.9.3-p194@railsTest/gems/rack-1.4.1/lib/rack/conditionalget.rb:25:in `call'
/usr/local/rvm/gems/ruby-1.9.3-p194@railsTest/gems/actionpack-3.2.6/lib/action_dispatch/middleware/head.rb:14:in `call'
/usr/local/rvm/gems/ruby-1.9.3-p194@railsTest/gems/actionpack-3.2.6/lib/action_dispatch/middleware/params_parser.rb:21:in `call'
/usr/local/rvm/gems/ruby-1.9.3-p194@railsTest/gems/actionpack-3.2.6/lib/action_dispatch/middleware/flash.rb:242:in `call'
/usr/local/rvm/gems/ruby-1.9.3-p194@railsTest/gems/rack-1.4.1/lib/rack/session/abstract/id.rb:205:in `context'
/usr/local/rvm/gems/ruby-1.9.3-p194@railsTest/gems/rack-1.4.1/lib/rack/session/abstract/id.rb:200:in `call'
/usr/local/rvm/gems/ruby-1.9.3-p194@railsTest/gems/actionpack-3.2.6/lib/action_dispatch/middleware/cookies.rb:338:in `call'
/usr/local/rvm/gems/ruby-1.9.3-p194@railsTest/gems/activerecord-3.2.6/lib/active_record/query_cache.rb:64:in `call'
/usr/local/rvm/gems/ruby-1.9.3-p194@railsTest/gems/activerecord-3.2.6/lib/active_record/connection_adapters/abstract/connection_pool.rb:473:in `call'
/usr/local/rvm/gems/ruby-1.9.3-p194@railsTest/gems/actionpack-3.2.6/lib/action_dispatch/middleware/callbacks.rb:28:in `block in call'
/usr/local/rvm/gems/ruby-1.9.3-p194@railsTest/gems/activesupport-3.2.6/lib/active_support/callbacks.rb:405:in `_run__469575214442567697__call__275952317831852727__callbacks'
/usr/local/rvm/gems/ruby-1.9.3-p194@railsTest/gems/activesupport-3.2.6/lib/active_support/callbacks.rb:405:in `__run_callback'
/usr/local/rvm/gems/ruby-1.9.3-p194@railsTest/gems/activesupport-3.2.6/lib/active_support/callbacks.rb:385:in `_run_call_callbacks'
/usr/local/rvm/gems/ruby-1.9.3-p194@railsTest/gems/activesupport-3.2.6/lib/active_support/callbacks.rb:81:in `run_callbacks'
/usr/local/rvm/gems/ruby-1.9.3-p194@railsTest/gems/actionpack-3.2.6/lib/action_dispatch/middleware/callbacks.rb:27:in `call'
/usr/local/rvm/gems/ruby-1.9.3-p194@railsTest/gems/actionpack-3.2.6/lib/action_dispatch/middleware/reloader.rb:65:in `call'
/usr/local/rvm/gems/ruby-1.9.3-p194@railsTest/gems/actionpack-3.2.6/lib/action_dispatch/middleware/remote_ip.rb:31:in `call'
/usr/local/rvm/gems/ruby-1.9.3-p194@railsTest/gems/actionpack-3.2.6/lib/action_dispatch/middleware/debug_exceptions.rb:16:in `call'
/usr/local/rvm/gems/ruby-1.9.3-p194@railsTest/gems/actionpack-3.2.6/lib/action_dispatch/middleware/show_exceptions.rb:56:in `call'
/usr/local/rvm/gems/ruby-1.9.3-p194@railsTest/gems/railties-3.2.6/lib/rails/rack/logger.rb:26:in `call_app'
/usr/local/rvm/gems/ruby-1.9.3-p194@railsTest/gems/railties-3.2.6/lib/rails/rack/logger.rb:16:in `call'
/usr/local/rvm/gems/ruby-1.9.3-p194@railsTest/gems/actionpack-3.2.6/lib/action_dispatch/middleware/request_id.rb:22:in `call'
/usr/local/rvm/gems/ruby-1.9.3-p194@railsTest/gems/rack-1.4.1/lib/rack/methodoverride.rb:21:in `call'
/usr/local/rvm/gems/ruby-1.9.3-p194@railsTest/gems/rack-1.4.1/lib/rack/runtime.rb:17:in `call'
/usr/local/rvm/gems/ruby-1.9.3-p194@railsTest/gems/activesupport-3.2.6/lib/active_support/cache/strategy/local_cache.rb:72:in `call'
/usr/local/rvm/gems/ruby-1.9.3-p194@railsTest/gems/rack-1.4.1/lib/rack/lock.rb:15:in `call'
/usr/local/rvm/gems/ruby-1.9.3-p194@railsTest/gems/actionpack-3.2.6/lib/action_dispatch/middleware/static.rb:62:in `call'
/usr/local/rvm/gems/ruby-1.9.3-p194@railsTest/gems/railties-3.2.6/lib/rails/engine.rb:479:in `call'
/usr/local/rvm/gems/ruby-1.9.3-p194@railsTest/gems/railties-3.2.6/lib/rails/application.rb:220:in `call'
/usr/local/rvm/gems/ruby-1.9.3-p194@railsTest/gems/rack-1.4.1/lib/rack/content_length.rb:14:in `call'
/usr/local/rvm/gems/ruby-1.9.3-p194@railsTest/gems/railties-3.2.6/lib/rails/rack/log_tailer.rb:17:in `call'
/usr/local/rvm/gems/ruby-1.9.3-p194@railsTest/gems/rack-1.4.1/lib/rack/handler/webrick.rb:59:in `service'
/usr/local/rvm/rubies/ruby-1.9.3-p194/lib/ruby/1.9.1/webrick/httpserver.rb:138:in `service'
/usr/local/rvm/rubies/ruby-1.9.3-p194/lib/ruby/1.9.1/webrick/httpserver.rb:94:in `run'
/usr/local/rvm/rubies/ruby-1.9.3-p194/lib/ruby/1.9.1/webrick/server.rb:191:in `block in start_thread'
  Rendered adhoc/adhoc_reports.html.erb within layouts/application (18.6ms)
Completed 500 Internal Server Error in 23ms

ActionView::Template::Error (/usr/local/rvm/my_app/app/views/adhoc/adhoc_reports.html.erb:8: syntax error, unexpected ':', expecting ')'
...oad', :action=>'runmyscript'} :notice =>'Reports are process...
...                               ^
/usr/local/rvm/my_app/app/views/adhoc/adhoc_reports.html.erb:8: syntax error, unexpected ')', expecting keyword_end
...=>'Reports are processing...'));@output_buffer.safe_concat('
...                               ^):
    5: <%= link_to "link to test.csv file", "/test.csv" -%>
    6: 
    7: <p></p>
    8: 
    9: <%= link_to('Run', {:controller=>'download', :action=>'runmyscript'} :notice =>'Reports are processing...')%>
    10: 
    11:  
  actionpack (3.2.6) lib/action_view/template.rb:297:in `module_eval'
  actionpack (3.2.6) lib/action_view/template.rb:297:in `compile'
  actionpack (3.2.6) lib/action_view/template.rb:244:in `block in compile!'
  <internal:prelude>:10:in `synchronize'
  actionpack (3.2.6) lib/action_view/template.rb:232:in `compile!'
  actionpack (3.2.6) lib/action_view/template.rb:144:in `block in render'
  activesupport (3.2.6) lib/active_support/notifications.rb:125:in `instrument'
  actionpack (3.2.6) lib/action_view/template.rb:143:in `render'
  actionpack (3.2.6) lib/action_view/renderer/template_renderer.rb:47:in `block (2 levels) in render_template'
  actionpack (3.2.6) lib/action_view/renderer/abstract_renderer.rb:38:in `block in instrument'
  activesupport (3.2.6) lib/active_support/notifications.rb:123:in `block in instrument'
  activesupport (3.2.6) lib/active_support/notifications/instrumenter.rb:20:in `instrument'
  activesupport (3.2.6) lib/active_support/notifications.rb:123:in `instrument'
  actionpack (3.2.6) lib/action_view/renderer/abstract_renderer.rb:38:in `instrument'
  actionpack (3.2.6) lib/action_view/renderer/template_renderer.rb:46:in `block in render_template'
  actionpack (3.2.6) lib/action_view/renderer/template_renderer.rb:54:in `render_with_layout'
  actionpack (3.2.6) lib/action_view/renderer/template_renderer.rb:45:in `render_template'
  actionpack (3.2.6) lib/action_view/renderer/template_renderer.rb:18:in `render'
  actionpack (3.2.6) lib/action_view/renderer/renderer.rb:36:in `render_template'
  actionpack (3.2.6) lib/action_view/renderer/renderer.rb:17:in `render'
  actionpack (3.2.6) lib/abstract_controller/rendering.rb:110:in `_render_template'
  actionpack (3.2.6) lib/action_controller/metal/streaming.rb:225:in `_render_template'
  actionpack (3.2.6) lib/abstract_controller/rendering.rb:103:in `render_to_body'
  actionpack (3.2.6) lib/action_controller/metal/renderers.rb:28:in `render_to_body'
  actionpack (3.2.6) lib/action_controller/metal/compatibility.rb:50:in `render_to_body'
  actionpack (3.2.6) lib/abstract_controller/rendering.rb:88:in `render'
  actionpack (3.2.6) lib/action_controller/metal/rendering.rb:16:in `render'
  actionpack (3.2.6) lib/action_controller/metal/instrumentation.rb:40:in `block (2 levels) in render'
  activesupport (3.2.6) lib/active_support/core_ext/benchmark.rb:5:in `block in ms'
  /usr/local/rvm/rubies/ruby-1.9.3-p194/lib/ruby/1.9.1/benchmark.rb:295:in `realtime'
  activesupport (3.2.6) lib/active_support/core_ext/benchmark.rb:5:in `ms'
  actionpack (3.2.6) lib/action_controller/metal/instrumentation.rb:40:in `block in render'
  actionpack (3.2.6) lib/action_controller/metal/instrumentation.rb:83:in `cleanup_view_runtime'
  activerecord (3.2.6) lib/active_record/railties/controller_runtime.rb:24:in `cleanup_view_runtime'
  actionpack (3.2.6) lib/action_controller/metal/instrumentation.rb:39:in `render'
  actionpack (3.2.6) lib/action_controller/metal/implicit_render.rb:10:in `default_render'
  actionpack (3.2.6) lib/action_controller/metal/implicit_render.rb:5:in `send_action'
  actionpack (3.2.6) lib/abstract_controller/base.rb:167:in `process_action'
  actionpack (3.2.6) lib/action_controller/metal/rendering.rb:10:in `process_action'
  actionpack (3.2.6) lib/abstract_controller/callbacks.rb:18:in `block in process_action'
  activesupport (3.2.6) lib/active_support/callbacks.rb:414:in `_run__3780087534738214092__process_action__4442154730976665356__callbacks'
  activesupport (3.2.6) lib/active_support/callbacks.rb:405:in `__run_callback'
  activesupport (3.2.6) lib/active_support/callbacks.rb:385:in `_run_process_action_callbacks'
  activesupport (3.2.6) lib/active_support/callbacks.rb:81:in `run_callbacks'
  actionpack (3.2.6) lib/abstract_controller/callbacks.rb:17:in `process_action'
  actionpack (3.2.6) lib/action_controller/metal/rescue.rb:29:in `process_action'
  actionpack (3.2.6) lib/action_controller/metal/instrumentation.rb:30:in `block in process_action'
  activesupport (3.2.6) lib/active_support/notifications.rb:123:in `block in instrument'
  activesupport (3.2.6) lib/active_support/notifications/instrumenter.rb:20:in `instrument'
  activesupport (3.2.6) lib/active_support/notifications.rb:123:in `instrument'
  actionpack (3.2.6) lib/action_controller/metal/instrumentation.rb:29:in `process_action'
  actionpack (3.2.6) lib/action_controller/metal/params_wrapper.rb:206:in `process_action'
  activerecord (3.2.6) lib/active_record/railties/controller_runtime.rb:18:in `process_action'
  actionpack (3.2.6) lib/abstract_controller/base.rb:121:in `process'
  actionpack (3.2.6) lib/abstract_controller/rendering.rb:45:in `process'
  actionpack (3.2.6) lib/action_controller/metal.rb:203:in `dispatch'
  actionpack (3.2.6) lib/action_controller/metal/rack_delegation.rb:14:in `dispatch'
  actionpack (3.2.6) lib/action_controller/metal.rb:246:in `block in action'
  actionpack (3.2.6) lib/action_dispatch/routing/route_set.rb:73:in `call'
  actionpack (3.2.6) lib/action_dispatch/routing/route_set.rb:73:in `dispatch'
  actionpack (3.2.6) lib/action_dispatch/routing/route_set.rb:36:in `call'
  journey (1.0.4) lib/journey/router.rb:68:in `block in call'
  journey (1.0.4) lib/journey/router.rb:56:in `each'
  journey (1.0.4) lib/journey/router.rb:56:in `call'
  actionpack (3.2.6) lib/action_dispatch/routing/route_set.rb:600:in `call'
  actionpack (3.2.6) lib/action_dispatch/middleware/best_standards_support.rb:17:in `call'
  rack (1.4.1) lib/rack/etag.rb:23:in `call'
  rack (1.4.1) lib/rack/conditionalget.rb:25:in `call'
  actionpack (3.2.6) lib/action_dispatch/middleware/head.rb:14:in `call'
  actionpack (3.2.6) lib/action_dispatch/middleware/params_parser.rb:21:in `call'
  actionpack (3.2.6) lib/action_dispatch/middleware/flash.rb:242:in `call'
  rack (1.4.1) lib/rack/session/abstract/id.rb:205:in `context'
  rack (1.4.1) lib/rack/session/abstract/id.rb:200:in `call'
  actionpack (3.2.6) lib/action_dispatch/middleware/cookies.rb:338:in `call'
  activerecord (3.2.6) lib/active_record/query_cache.rb:64:in `call'
  activerecord (3.2.6) lib/active_record/connection_adapters/abstract/connection_pool.rb:473:in `call'
  actionpack (3.2.6) lib/action_dispatch/middleware/callbacks.rb:28:in `block in call'
  activesupport (3.2.6) lib/active_support/callbacks.rb:405:in `_run__469575214442567697__call__275952317831852727__callbacks'
  activesupport (3.2.6) lib/active_support/callbacks.rb:405:in `__run_callback'
  activesupport (3.2.6) lib/active_support/callbacks.rb:385:in `_run_call_callbacks'
  activesupport (3.2.6) lib/active_support/callbacks.rb:81:in `run_callbacks'
  actionpack (3.2.6) lib/action_dispatch/middleware/callbacks.rb:27:in `call'
  actionpack (3.2.6) lib/action_dispatch/middleware/reloader.rb:65:in `call'
  actionpack (3.2.6) lib/action_dispatch/middleware/remote_ip.rb:31:in `call'
  actionpack (3.2.6) lib/action_dispatch/middleware/debug_exceptions.rb:16:in `call'
  actionpack (3.2.6) lib/action_dispatch/middleware/show_exceptions.rb:56:in `call'
  railties (3.2.6) lib/rails/rack/logger.rb:26:in `call_app'
  railties (3.2.6) lib/rails/rack/logger.rb:16:in `call'
  actionpack (3.2.6) lib/action_dispatch/middleware/request_id.rb:22:in `call'
  rack (1.4.1) lib/rack/methodoverride.rb:21:in `call'
  rack (1.4.1) lib/rack/runtime.rb:17:in `call'
  activesupport (3.2.6) lib/active_support/cache/strategy/local_cache.rb:72:in `call'
  rack (1.4.1) lib/rack/lock.rb:15:in `call'
  actionpack (3.2.6) lib/action_dispatch/middleware/static.rb:62:in `call'
  railties (3.2.6) lib/rails/engine.rb:479:in `call'
  railties (3.2.6) lib/rails/application.rb:220:in `call'
  rack (1.4.1) lib/rack/content_length.rb:14:in `call'
  railties (3.2.6) lib/rails/rack/log_tailer.rb:17:in `call'
  rack (1.4.1) lib/rack/handler/webrick.rb:59:in `service'
  /usr/local/rvm/rubies/ruby-1.9.3-p194/lib/ruby/1.9.1/webrick/httpserver.rb:138:in `service'
  /usr/local/rvm/rubies/ruby-1.9.3-p194/lib/ruby/1.9.1/webrick/httpserver.rb:94:in `run'
  /usr/local/rvm/rubies/ruby-1.9.3-p194/lib/ruby/1.9.1/webrick/server.rb:191:in `block in start_thread'


  Rendered /usr/local/rvm/gems/ruby-1.9.3-p194@railsTest/gems/actionpack-3.2.6/lib/action_dispatch/middleware/templates/rescues/_trace.erb (4.3ms)
  Rendered /usr/local/rvm/gems/ruby-1.9.3-p194@railsTest/gems/actionpack-3.2.6/lib/action_dispatch/middleware/templates/rescues/_request_and_response.erb (1.3ms)
  Rendered /usr/local/rvm/gems/ruby-1.9.3-p194@railsTest/gems/actionpack-3.2.6/lib/action_dispatch/middleware/templates/rescues/template_error.erb within rescues/layout (13.2ms)


Started GET "/adhoc/adhoc_reports" for 10.100.116.83 at 2012-07-25 17:55:20 -0400
Processing by AdhocController#adhoc_reports as HTML
  Rendered adhoc/adhoc_reports.html.erb within layouts/application (2.1ms)
Completed 200 OK in 7ms (Views: 6.9ms | ActiveRecord: 0.0ms)
123
/usr/local/rvm/gems/ruby-1.9.3-p194@railsTest/gems/pg-0.14.0/lib/pg.rb:4:in `require': cannot load such file -- pg_ext (LoadError)
	from /usr/local/rvm/gems/ruby-1.9.3-p194@railsTest/gems/pg-0.14.0/lib/pg.rb:4:in `<top (required)>'
	from /usr/local/rvm/my_app/ruby_scripts/reports/FailedTestsLast30days.rb:2:in `require'
	from /usr/local/rvm/my_app/ruby_scripts/reports/FailedTestsLast30days.rb:2:in `<main>'


Started GET "/download/runmyscript" for 10.100.116.83 at 2012-07-25 17:55:22 -0400
Processing by DownloadController#runmyscript as HTML
Sent file /usr/local/rvm/tmp/failed_tests_last_30days.csv (2.3ms)
Completed 500 Internal Server Error in 459ms

ActionController::MissingFile (Cannot read file /usr/local/rvm/tmp/failed_tests_last_30days.csv):
  app/controllers/download_controller.rb:6:in `runmyscript'


  Rendered /usr/local/rvm/gems/ruby-1.9.3-p194@railsTest/gems/actionpack-3.2.6/lib/action_dispatch/middleware/templates/rescues/_trace.erb (4.1ms)
  Rendered /usr/local/rvm/gems/ruby-1.9.3-p194@railsTest/gems/actionpack-3.2.6/lib/action_dispatch/middleware/templates/rescues/_request_and_response.erb (1.8ms)
  Rendered /usr/local/rvm/gems/ruby-1.9.3-p194@railsTest/gems/actionpack-3.2.6/lib/action_dispatch/middleware/templates/rescues/diagnostics.erb within rescues/layout (15.3ms)


Started GET "/adhoc/adhoc_reports" for 10.100.116.83 at 2012-07-25 17:55:54 -0400
Processing by AdhocController#adhoc_reports as HTML
  Rendered adhoc/adhoc_reports.html.erb within layouts/application (2.0ms)
Completed 200 OK in 7ms (Views: 6.6ms | ActiveRecord: 0.0ms)
123
/usr/local/rvm/gems/ruby-1.9.3-p194@railsTest/gems/pg-0.14.0/lib/pg.rb:4:in `require': cannot load such file -- pg_ext (LoadError)
	from /usr/local/rvm/gems/ruby-1.9.3-p194@railsTest/gems/pg-0.14.0/lib/pg.rb:4:in `<top (required)>'
	from /usr/local/rvm/my_app/ruby_scripts/reports/FailedTestsLast30days.rb:2:in `require'
	from /usr/local/rvm/my_app/ruby_scripts/reports/FailedTestsLast30days.rb:2:in `<main>'


Started GET "/download/runmyscript" for 10.100.116.83 at 2012-07-25 17:55:55 -0400
Processing by DownloadController#runmyscript as HTML
Sent file /usr/local/rvm/tmp/failed_tests_last_30days.csv (0.5ms)
Completed 500 Internal Server Error in 450ms

ActionController::MissingFile (Cannot read file /usr/local/rvm/tmp/failed_tests_last_30days.csv):
  app/controllers/download_controller.rb:6:in `runmyscript'


  Rendered /usr/local/rvm/gems/ruby-1.9.3-p194@railsTest/gems/actionpack-3.2.6/lib/action_dispatch/middleware/templates/rescues/_trace.erb (4.0ms)
  Rendered /usr/local/rvm/gems/ruby-1.9.3-p194@railsTest/gems/actionpack-3.2.6/lib/action_dispatch/middleware/templates/rescues/_request_and_response.erb (1.8ms)
  Rendered /usr/local/rvm/gems/ruby-1.9.3-p194@railsTest/gems/actionpack-3.2.6/lib/action_dispatch/middleware/templates/rescues/diagnostics.erb within rescues/layout (15.1ms)
123
/usr/local/rvm/gems/ruby-1.9.3-p194@railsTest/gems/pg-0.14.0/lib/pg.rb:4:in `require': cannot load such file -- pg_ext (LoadError)
	from /usr/local/rvm/gems/ruby-1.9.3-p194@railsTest/gems/pg-0.14.0/lib/pg.rb:4:in `<top (required)>'
	from /usr/local/rvm/my_app/ruby_scripts/reports/FailedTestsLast30days.rb:2:in `require'
	from /usr/local/rvm/my_app/ruby_scripts/reports/FailedTestsLast30days.rb:2:in `<main>'
[2012-07-25 18:04:26] WARN  Could not determine content-length of response body. Set content-length of the response or set Response#chunked = true
[2012-07-25 18:05:29] WARN  Could not determine content-length of response body. Set content-length of the response or set Response#chunked = true
[2012-07-25 18:05:30] WARN  Could not determine content-length of response body. Set content-length of the response or set Response#chunked = true
[2012-07-25 18:05:31] WARN  Could not determine content-length of response body. Set content-length of the response or set Response#chunked = true


Started GET "/download/runmyscript" for 10.100.116.83 at 2012-07-25 18:04:18 -0400
Processing by DownloadController#runmyscript as HTML
Sent file /usr/local/rvm/tmp/failed_tests_last_30days.csv (1.7ms)
Completed 500 Internal Server Error in 472ms

ActionController::MissingFile (Cannot read file /usr/local/rvm/tmp/failed_tests_last_30days.csv):
  app/controllers/download_controller.rb:6:in `runmyscript'


  Rendered /usr/local/rvm/gems/ruby-1.9.3-p194@railsTest/gems/actionpack-3.2.6/lib/action_dispatch/middleware/templates/rescues/_trace.erb (4.2ms)
  Rendered /usr/local/rvm/gems/ruby-1.9.3-p194@railsTest/gems/actionpack-3.2.6/lib/action_dispatch/middleware/templates/rescues/_request_and_response.erb (2.1ms)
  Rendered /usr/local/rvm/gems/ruby-1.9.3-p194@railsTest/gems/actionpack-3.2.6/lib/action_dispatch/middleware/templates/rescues/diagnostics.erb within rescues/layout (16.3ms)


Started GET "/adhoc/adhoc_reports" for 10.100.116.83 at 2012-07-25 18:04:26 -0400
Processing by AdhocController#adhoc_reports as HTML
  Rendered adhoc/adhoc_reports.html.erb within layouts/application (3.0ms)
Completed 200 OK in 11ms (Views: 9.8ms | ActiveRecord: 0.0ms)


Started GET "/" for 10.100.116.83 at 2012-07-25 18:05:26 -0400
Processing by HomeController#index as HTML
  Rendered home/index.html.erb within layouts/application (0.1ms)
Completed 200 OK in 6ms (Views: 4.9ms | ActiveRecord: 0.0ms)


Started GET "/adhoc/adhoc_reports" for 10.100.116.83 at 2012-07-25 18:05:27 -0400
Processing by AdhocController#adhoc_reports as HTML
  Rendered adhoc/adhoc_reports.html.erb within layouts/application (0.7ms)
Completed 200 OK in 4ms (Views: 3.9ms | ActiveRecord: 0.0ms)


Started GET "/fit_analyzer/analyzer" for 10.100.116.83 at 2012-07-25 18:05:28 -0400
Processing by FitAnalyzerController#analyzer as HTML
  Rendered fit_analyzer/analyzer.html.erb within layouts/application (2.9ms)
Completed 200 OK in 7ms (Views: 6.5ms | ActiveRecord: 0.0ms)


Started GET "/adhoc/adhoc_reports" for 10.100.116.83 at 2012-07-25 18:05:29 -0400
Processing by AdhocController#adhoc_reports as HTML
  Rendered adhoc/adhoc_reports.html.erb within layouts/application (0.7ms)
Completed 200 OK in 4ms (Views: 3.7ms | ActiveRecord: 0.0ms)


Started GET "/" for 10.100.116.83 at 2012-07-25 18:05:30 -0400
Processing by HomeController#index as HTML
  Rendered home/index.html.erb within layouts/application (0.0ms)
Completed 200 OK in 3ms (Views: 3.0ms | ActiveRecord: 0.0ms)


Started GET "/adhoc/adhoc_reports" for 10.100.116.83 at 2012-07-25 18:05:31 -0400
Processing by AdhocController#adhoc_reports as HTML
  Rendered adhoc/adhoc_reports.html.erb within layouts/application (0.6ms)
Completed 200 OK in 4ms (Views: 3.4ms | ActiveRecord: 0.0ms)
123
/usr/local/rvm/gems/ruby-1.9.3-p194@railsTest/gems/pg-0.14.0/lib/pg.rb:4:in `require': cannot load such file -- pg_ext (LoadError)
	from /usr/local/rvm/gems/ruby-1.9.3-p194@railsTest/gems/pg-0.14.0/lib/pg.rb:4:in `<top (required)>'
	from /usr/local/rvm/my_app/ruby_scripts/reports/FailedTestsLast30days.rb:2:in `require'
	from /usr/local/rvm/my_app/ruby_scripts/reports/FailedTestsLast30days.rb:2:in `<main>'


Started GET "/download/runmyscript" for 10.100.116.83 at 2012-07-25 18:05:32 -0400
Processing by DownloadController#runmyscript as HTML
Sent file /usr/local/rvm/tmp/failed_tests_last_30days.csv (1.8ms)
Completed 500 Internal Server Error in 464ms

ActionController::MissingFile (Cannot read file /usr/local/rvm/tmp/failed_tests_last_30days.csv):
  app/controllers/download_controller.rb:6:in `runmyscript'


  Rendered /usr/local/rvm/gems/ruby-1.9.3-p194@railsTest/gems/actionpack-3.2.6/lib/action_dispatch/middleware/templates/rescues/_trace.erb (3.2ms)
  Rendered /usr/local/rvm/gems/ruby-1.9.3-p194@railsTest/gems/actionpack-3.2.6/lib/action_dispatch/middleware/templates/rescues/_request_and_response.erb (1.2ms)
  Rendered /usr/local/rvm/gems/ruby-1.9.3-p194@railsTest/gems/actionpack-3.2.6/lib/action_dispatch/middleware/templates/rescues/diagnostics.erb within rescues/layout (12.5ms)
123
/usr/local/rvm/gems/ruby-1.9.3-p194@railsTest/gems/pg-0.14.0/lib/pg.rb:4:in `require': cannot load such file -- pg_ext (LoadError)
	from /usr/local/rvm/gems/ruby-1.9.3-p194@railsTest/gems/pg-0.14.0/lib/pg.rb:4:in `<top (required)>'
	from /usr/local/rvm/my_app/ruby_scripts/reports/FailedTestsLast30days.rb:2:in `require'
	from /usr/local/rvm/my_app/ruby_scripts/reports/FailedTestsLast30days.rb:2:in `<main>'
[2012-07-25 18:06:09] WARN  Could not determine content-length of response body. Set content-length of the response or set Response#chunked = true


Started GET "/download/runmyscript" for 10.100.116.83 at 2012-07-25 18:06:02 -0400
Processing by DownloadController#runmyscript as HTML
Sent file /usr/local/rvm/tmp/failed_tests_last_30days.csv (2.4ms)
Completed 500 Internal Server Error in 450ms

ActionController::MissingFile (Cannot read file /usr/local/rvm/tmp/failed_tests_last_30days.csv):
  app/controllers/download_controller.rb:6:in `runmyscript'


  Rendered /usr/local/rvm/gems/ruby-1.9.3-p194@railsTest/gems/actionpack-3.2.6/lib/action_dispatch/middleware/templates/rescues/_trace.erb (4.6ms)
  Rendered /usr/local/rvm/gems/ruby-1.9.3-p194@railsTest/gems/actionpack-3.2.6/lib/action_dispatch/middleware/templates/rescues/_request_and_response.erb (2.3ms)
  Rendered /usr/local/rvm/gems/ruby-1.9.3-p194@railsTest/gems/actionpack-3.2.6/lib/action_dispatch/middleware/templates/rescues/diagnostics.erb within rescues/layout (17.4ms)


Started GET "/" for 10.100.116.83 at 2012-07-25 18:06:07 -0400
Processing by HomeController#index as HTML
  Rendered home/index.html.erb within layouts/application (0.1ms)
Completed 200 OK in 10ms (Views: 8.8ms | ActiveRecord: 0.0ms)


Started GET "/adhoc/adhoc_reports" for 10.100.116.83 at 2012-07-25 18:06:08 -0400
Processing by AdhocController#adhoc_reports as HTML
  Rendered adhoc/adhoc_reports.html.erb within layouts/application (1.5ms)
Completed 200 OK in 5ms (Views: 4.9ms | ActiveRecord: 0.0ms)


Started GET "/fit_analyzer/analyzer" for 10.100.116.83 at 2012-07-25 18:06:08 -0400
Processing by FitAnalyzerController#analyzer as HTML
  Rendered fit_analyzer/analyzer.html.erb within layouts/application (2.2ms)
Completed 200 OK in 5ms (Views: 5.3ms | ActiveRecord: 0.0ms)


Started GET "/adhoc/adhoc_reports" for 10.100.116.83 at 2012-07-25 18:06:09 -0400
Processing by AdhocController#adhoc_reports as HTML
  Rendered adhoc/adhoc_reports.html.erb within layouts/application (0.7ms)
Completed 200 OK in 4ms (Views: 3.7ms | ActiveRecord: 0.0ms)
123
/usr/local/rvm/gems/ruby-1.9.3-p194@railsTest/gems/pg-0.14.0/lib/pg.rb:4:in `require': cannot load such file -- pg_ext (LoadError)
	from /usr/local/rvm/gems/ruby-1.9.3-p194@railsTest/gems/pg-0.14.0/lib/pg.rb:4:in `<top (required)>'
	from /usr/local/rvm/my_app/ruby_scripts/reports/FailedTestsLast30days.rb:2:in `require'
	from /usr/local/rvm/my_app/ruby_scripts/reports/FailedTestsLast30days.rb:2:in `<main>'
[2012-07-25 18:07:49] WARN  Could not determine content-length of response body. Set content-length of the response or set Response#chunked = true


Started GET "/download/runmyscript" for 10.100.116.83 at 2012-07-25 18:06:10 -0400
Processing by DownloadController#runmyscript as HTML
Sent file /usr/local/rvm/tmp/failed_tests_last_30days.csv (1.8ms)
Completed 500 Internal Server Error in 449ms

ActionController::MissingFile (Cannot read file /usr/local/rvm/tmp/failed_tests_last_30days.csv):
  app/controllers/download_controller.rb:6:in `runmyscript'


  Rendered /usr/local/rvm/gems/ruby-1.9.3-p194@railsTest/gems/actionpack-3.2.6/lib/action_dispatch/middleware/templates/rescues/_trace.erb (4.8ms)
  Rendered /usr/local/rvm/gems/ruby-1.9.3-p194@railsTest/gems/actionpack-3.2.6/lib/action_dispatch/middleware/templates/rescues/_request_and_response.erb (2.4ms)
  Rendered /usr/local/rvm/gems/ruby-1.9.3-p194@railsTest/gems/actionpack-3.2.6/lib/action_dispatch/middleware/templates/rescues/diagnostics.erb within rescues/layout (18.1ms)


Started GET "/" for 10.100.116.83 at 2012-07-25 18:07:46 -0400
Processing by HomeController#index as HTML
  Rendered home/index.html.erb within layouts/application (0.1ms)
Completed 200 OK in 9ms (Views: 8.6ms | ActiveRecord: 0.0ms)


Started GET "/adhoc/adhoc_reports" for 10.100.116.83 at 2012-07-25 18:07:47 -0400
Processing by AdhocController#adhoc_reports as HTML
  Rendered adhoc/adhoc_reports.html.erb within layouts/application (1.7ms)
Completed 200 OK in 5ms (Views: 5.1ms | ActiveRecord: 0.0ms)


Started GET "/fit_analyzer/analyzer" for 10.100.116.83 at 2012-07-25 18:07:48 -0400
Processing by FitAnalyzerController#analyzer as HTML
  Rendered fit_analyzer/analyzer.html.erb within layouts/application (2.2ms)
Completed 200 OK in 5ms (Views: 5.2ms | ActiveRecord: 0.0ms)


Started GET "/adhoc/adhoc_reports" for 10.100.116.83 at 2012-07-25 18:07:49 -0400
Processing by AdhocController#adhoc_reports as HTML
  Rendered adhoc/adhoc_reports.html.erb within layouts/application (0.7ms)
Completed 200 OK in 4ms (Views: 3.7ms | ActiveRecord: 0.0ms)
123
/usr/local/rvm/gems/ruby-1.9.3-p194@railsTest/gems/pg-0.14.0/lib/pg.rb:4:in `require': cannot load such file -- pg_ext (LoadError)
	from /usr/local/rvm/gems/ruby-1.9.3-p194@railsTest/gems/pg-0.14.0/lib/pg.rb:4:in `<top (required)>'
	from /usr/local/rvm/my_app/ruby_scripts/reports/FailedTestsLast30days.rb:2:in `require'
	from /usr/local/rvm/my_app/ruby_scripts/reports/FailedTestsLast30days.rb:2:in `<main>'


Started GET "/download/runmyscript" for 10.100.116.83 at 2012-07-25 18:07:50 -0400
Processing by DownloadController#runmyscript as HTML
Sent file /usr/local/rvm/tmp/failed_tests_last_30days.csv (1.7ms)
Completed 500 Internal Server Error in 453ms

ActionController::MissingFile (Cannot read file /usr/local/rvm/tmp/failed_tests_last_30days.csv):
  app/controllers/download_controller.rb:6:in `runmyscript'


  Rendered /usr/local/rvm/gems/ruby-1.9.3-p194@railsTest/gems/actionpack-3.2.6/lib/action_dispatch/middleware/templates/rescues/_trace.erb (4.5ms)
  Rendered /usr/local/rvm/gems/ruby-1.9.3-p194@railsTest/gems/actionpack-3.2.6/lib/action_dispatch/middleware/templates/rescues/_request_and_response.erb (2.3ms)
  Rendered /usr/local/rvm/gems/ruby-1.9.3-p194@railsTest/gems/actionpack-3.2.6/lib/action_dispatch/middleware/templates/rescues/diagnostics.erb within rescues/layout (17.2ms)
123
/usr/local/rvm/gems/ruby-1.9.3-p194@railsTest/gems/pg-0.14.0/lib/pg.rb:4:in `require': cannot load such file -- pg_ext (LoadError)
	from /usr/local/rvm/gems/ruby-1.9.3-p194@railsTest/gems/pg-0.14.0/lib/pg.rb:4:in `<top (required)>'
	from /usr/local/rvm/my_app/ruby_scripts/reports/FailedTestsLast30days.rb:2:in `require'
	from /usr/local/rvm/my_app/ruby_scripts/reports/FailedTestsLast30days.rb:2:in `<main>'


Started GET "/download/runmyscript" for 10.100.116.83 at 2012-07-25 18:08:28 -0400
Processing by DownloadController#runmyscript as HTML
Sent file /usr/local/rvm/tmp/failed_tests_last_30days.csv (1.7ms)
Completed 500 Internal Server Error in 451ms

ActionController::MissingFile (Cannot read file /usr/local/rvm/tmp/failed_tests_last_30days.csv):
  app/controllers/download_controller.rb:6:in `runmyscript'


  Rendered /usr/local/rvm/gems/ruby-1.9.3-p194@railsTest/gems/actionpack-3.2.6/lib/action_dispatch/middleware/templates/rescues/_trace.erb (4.2ms)
  Rendered /usr/local/rvm/gems/ruby-1.9.3-p194@railsTest/gems/actionpack-3.2.6/lib/action_dispatch/middleware/templates/rescues/_request_and_response.erb (81.1ms)
  Rendered /usr/local/rvm/gems/ruby-1.9.3-p194@railsTest/gems/actionpack-3.2.6/lib/action_dispatch/middleware/templates/rescues/diagnostics.erb within rescues/layout (95.7ms)
123
/usr/local/rvm/gems/ruby-1.9.3-p194@railsTest/gems/pg-0.14.0/lib/pg.rb:4:in `require': cannot load such file -- pg_ext (LoadError)
	from /usr/local/rvm/gems/ruby-1.9.3-p194@railsTest/gems/pg-0.14.0/lib/pg.rb:4:in `<top (required)>'
	from /usr/local/rvm/my_app/ruby_scripts/reports/FailedTestsLast30days.rb:2:in `require'
	from /usr/local/rvm/my_app/ruby_scripts/reports/FailedTestsLast30days.rb:2:in `<main>'
[2012-07-25 18:09:21] WARN  Could not determine content-length of response body. Set content-length of the response or set Response#chunked = true
[2012-07-25 18:09:23] WARN  Could not determine content-length of response body. Set content-length of the response or set Response#chunked = true
[2012-07-25 18:09:24] WARN  Could not determine content-length of response body. Set content-length of the response or set Response#chunked = true


Started GET "/download/runmyscript" for 10.100.116.83 at 2012-07-25 18:09:16 -0400
Processing by DownloadController#runmyscript as HTML
Sent file /usr/local/rvm/tmp/failed_tests_last_30days.csv (3.0ms)
Completed 500 Internal Server Error in 488ms

ActionController::MissingFile (Cannot read file /usr/local/rvm/tmp/failed_tests_last_30days.csv):
  app/controllers/download_controller.rb:6:in `runmyscript'


  Rendered /usr/local/rvm/gems/ruby-1.9.3-p194@railsTest/gems/actionpack-3.2.6/lib/action_dispatch/middleware/templates/rescues/_trace.erb (4.6ms)
  Rendered /usr/local/rvm/gems/ruby-1.9.3-p194@railsTest/gems/actionpack-3.2.6/lib/action_dispatch/middleware/templates/rescues/_request_and_response.erb (2.5ms)
  Rendered /usr/local/rvm/gems/ruby-1.9.3-p194@railsTest/gems/actionpack-3.2.6/lib/action_dispatch/middleware/templates/rescues/diagnostics.erb within rescues/layout (17.5ms)


Started GET "/adhoc/adhoc_reports" for 10.100.116.83 at 2012-07-25 18:09:21 -0400
Processing by AdhocController#adhoc_reports as HTML
  Rendered adhoc/adhoc_reports.html.erb within layouts/application (1.8ms)
Completed 200 OK in 10ms (Views: 9.1ms | ActiveRecord: 0.0ms)


Started GET "/" for 10.100.116.83 at 2012-07-25 18:09:23 -0400
Processing by HomeController#index as HTML
  Rendered home/index.html.erb within layouts/application (0.1ms)
Completed 200 OK in 3ms (Views: 3.3ms | ActiveRecord: 0.0ms)


Started GET "/adhoc/adhoc_reports" for 10.100.116.83 at 2012-07-25 18:09:24 -0400
Processing by AdhocController#adhoc_reports as HTML
  Rendered adhoc/adhoc_reports.html.erb within layouts/application (0.6ms)
Completed 200 OK in 4ms (Views: 3.7ms | ActiveRecord: 0.0ms)
123
/usr/local/rvm/gems/ruby-1.9.3-p194@railsTest/gems/pg-0.14.0/lib/pg.rb:4:in `require': cannot load such file -- pg_ext (LoadError)
	from /usr/local/rvm/gems/ruby-1.9.3-p194@railsTest/gems/pg-0.14.0/lib/pg.rb:4:in `<top (required)>'
	from /usr/local/rvm/my_app/ruby_scripts/reports/FailedTestsLast30days.rb:2:in `require'
	from /usr/local/rvm/my_app/ruby_scripts/reports/FailedTestsLast30days.rb:2:in `<main>'
[2012-07-25 18:10:05] WARN  Could not determine content-length of response body. Set content-length of the response or set Response#chunked = true
[2012-07-25 18:10:07] WARN  Could not determine content-length of response body. Set content-length of the response or set Response#chunked = true
[2012-07-25 18:10:07] WARN  Could not determine content-length of response body. Set content-length of the response or set Response#chunked = true
[2012-07-25 18:10:08] WARN  Could not determine content-length of response body. Set content-length of the response or set Response#chunked = true


Started GET "/download/runmyscript" for 10.100.116.83 at 2012-07-25 18:09:25 -0400
Processing by DownloadController#runmyscript as HTML
Sent file /usr/local/rvm/tmp/failed_tests_last_30days.csv (1.8ms)
Completed 500 Internal Server Error in 456ms

ActionController::MissingFile (Cannot read file /usr/local/rvm/tmp/failed_tests_last_30days.csv):
  app/controllers/download_controller.rb:6:in `runmyscript'


  Rendered /usr/local/rvm/gems/ruby-1.9.3-p194@railsTest/gems/actionpack-3.2.6/lib/action_dispatch/middleware/templates/rescues/_trace.erb (4.4ms)
  Rendered /usr/local/rvm/gems/ruby-1.9.3-p194@railsTest/gems/actionpack-3.2.6/lib/action_dispatch/middleware/templates/rescues/_request_and_response.erb (2.4ms)
  Rendered /usr/local/rvm/gems/ruby-1.9.3-p194@railsTest/gems/actionpack-3.2.6/lib/action_dispatch/middleware/templates/rescues/diagnostics.erb within rescues/layout (17.6ms)


Started GET "/adhoc/adhoc_reports" for 10.100.116.83 at 2012-07-25 18:10:05 -0400
Processing by AdhocController#adhoc_reports as HTML
  Rendered adhoc/adhoc_reports.html.erb within layouts/application (2.0ms)
Completed 200 OK in 10ms (Views: 9.2ms | ActiveRecord: 0.0ms)


Started GET "/" for 10.100.116.83 at 2012-07-25 18:10:07 -0400
Processing by HomeController#index as HTML
  Rendered home/index.html.erb within layouts/application (0.1ms)
Completed 200 OK in 4ms (Views: 3.5ms | ActiveRecord: 0.0ms)


Started GET "/fit_analyzer/analyzer" for 10.100.116.83 at 2012-07-25 18:10:07 -0400
Processing by FitAnalyzerController#analyzer as HTML
  Rendered fit_analyzer/analyzer.html.erb within layouts/application (2.3ms)
Completed 200 OK in 6ms (Views: 5.5ms | ActiveRecord: 0.0ms)


Started GET "/adhoc/adhoc_reports" for 10.100.116.83 at 2012-07-25 18:10:08 -0400
Processing by AdhocController#adhoc_reports as HTML
  Rendered adhoc/adhoc_reports.html.erb within layouts/application (0.5ms)
Completed 200 OK in 4ms (Views: 3.8ms | ActiveRecord: 0.0ms)
123
/usr/local/rvm/gems/ruby-1.9.3-p194@railsTest/gems/pg-0.14.0/lib/pg.rb:4:in `require': cannot load such file -- pg_ext (LoadError)
	from /usr/local/rvm/gems/ruby-1.9.3-p194@railsTest/gems/pg-0.14.0/lib/pg.rb:4:in `<top (required)>'
	from /usr/local/rvm/my_app/ruby_scripts/reports/FailedTestsLast30days.rb:2:in `require'
	from /usr/local/rvm/my_app/ruby_scripts/reports/FailedTestsLast30days.rb:2:in `<main>'


Started GET "/download/runmyscript" for 10.100.116.83 at 2012-07-25 18:10:09 -0400
Processing by DownloadController#runmyscript as HTML
Sent file /usr/local/rvm/tmp/failed_tests_last_30days.csv (1.7ms)
Completed 500 Internal Server Error in 462ms

ActionController::MissingFile (Cannot read file /usr/local/rvm/tmp/failed_tests_last_30days.csv):
  app/controllers/download_controller.rb:6:in `runmyscript'


  Rendered /usr/local/rvm/gems/ruby-1.9.3-p194@railsTest/gems/actionpack-3.2.6/lib/action_dispatch/middleware/templates/rescues/_trace.erb (4.5ms)
  Rendered /usr/local/rvm/gems/ruby-1.9.3-p194@railsTest/gems/actionpack-3.2.6/lib/action_dispatch/middleware/templates/rescues/_request_and_response.erb (2.3ms)
  Rendered /usr/local/rvm/gems/ruby-1.9.3-p194@railsTest/gems/actionpack-3.2.6/lib/action_dispatch/middleware/templates/rescues/diagnostics.erb within rescues/layout (17.3ms)
123
/usr/local/rvm/gems/ruby-1.9.3-p194@railsTest/gems/pg-0.14.0/lib/pg.rb:4:in `require': cannot load such file -- pg_ext (LoadError)
	from /usr/local/rvm/gems/ruby-1.9.3-p194@railsTest/gems/pg-0.14.0/lib/pg.rb:4:in `<top (required)>'
	from /usr/local/rvm/my_app/ruby_scripts/reports/FailedTestsLast30days.rb:2:in `require'
	from /usr/local/rvm/my_app/ruby_scripts/reports/FailedTestsLast30days.rb:2:in `<main>'
[2012-07-25 18:12:17] WARN  Could not determine content-length of response body. Set content-length of the response or set Response#chunked = true
[2012-07-25 18:12:17] WARN  Could not determine content-length of response body. Set content-length of the response or set Response#chunked = true
[2012-07-25 18:12:18] WARN  Could not determine content-length of response body. Set content-length of the response or set Response#chunked = true


Started GET "/download/runmyscript" for 10.100.116.83 at 2012-07-25 18:11:41 -0400
Processing by DownloadController#runmyscript as HTML
Sent file /usr/local/rvm/tmp/failed_tests_last_30days.csv (1.7ms)
Completed 500 Internal Server Error in 449ms

ActionController::MissingFile (Cannot read file /usr/local/rvm/tmp/failed_tests_last_30days.csv):
  app/controllers/download_controller.rb:6:in `runmyscript'


  Rendered /usr/local/rvm/gems/ruby-1.9.3-p194@railsTest/gems/actionpack-3.2.6/lib/action_dispatch/middleware/templates/rescues/_trace.erb (4.3ms)
  Rendered /usr/local/rvm/gems/ruby-1.9.3-p194@railsTest/gems/actionpack-3.2.6/lib/action_dispatch/middleware/templates/rescues/_request_and_response.erb (2.2ms)
  Rendered /usr/local/rvm/gems/ruby-1.9.3-p194@railsTest/gems/actionpack-3.2.6/lib/action_dispatch/middleware/templates/rescues/diagnostics.erb within rescues/layout (17.1ms)


Started GET "/" for 10.100.116.83 at 2012-07-25 18:12:16 -0400
Processing by HomeController#index as HTML
  Rendered home/index.html.erb within layouts/application (0.1ms)
Completed 200 OK in 8ms (Views: 7.4ms | ActiveRecord: 0.0ms)


Started GET "/fit_analyzer/analyzer" for 10.100.116.83 at 2012-07-25 18:12:17 -0400
Processing by FitAnalyzerController#analyzer as HTML
  Rendered fit_analyzer/analyzer.html.erb within layouts/application (3.1ms)
Completed 200 OK in 7ms (Views: 6.3ms | ActiveRecord: 0.0ms)


Started GET "/adhoc/adhoc_reports" for 10.100.116.83 at 2012-07-25 18:12:18 -0400
Processing by AdhocController#adhoc_reports as HTML
  Rendered adhoc/adhoc_reports.html.erb within layouts/application (1.0ms)
Completed 200 OK in 80ms (Views: 79.2ms | ActiveRecord: 0.0ms)
123
/usr/local/rvm/gems/ruby-1.9.3-p194@railsTest/gems/pg-0.14.0/lib/pg.rb:4:in `require': cannot load such file -- pg_ext (LoadError)
	from /usr/local/rvm/gems/ruby-1.9.3-p194@railsTest/gems/pg-0.14.0/lib/pg.rb:4:in `<top (required)>'
	from /usr/local/rvm/my_app/ruby_scripts/reports/FailedTestsLast30days.rb:2:in `require'
	from /usr/local/rvm/my_app/ruby_scripts/reports/FailedTestsLast30days.rb:2:in `<main>'
[2012-07-25 18:14:23] WARN  Could not determine content-length of response body. Set content-length of the response or set Response#chunked = true
[2012-07-25 18:14:25] WARN  Could not determine content-length of response body. Set content-length of the response or set Response#chunked = true
[2012-07-25 18:14:26] WARN  Could not determine content-length of response body. Set content-length of the response or set Response#chunked = true


Started GET "/download/runmyscript" for 10.100.116.83 at 2012-07-25 18:12:19 -0400
Processing by DownloadController#runmyscript as HTML
Sent file /usr/local/rvm/tmp/failed_tests_last_30days.csv (1.2ms)
Completed 200 OK in 455ms (ActiveRecord: 0.0ms)


Started GET "/adhoc/adhoc_reports" for 10.100.116.83 at 2012-07-25 18:14:17 -0400
Processing by AdhocController#adhoc_reports as HTML
  Rendered adhoc/adhoc_reports.html.erb within layouts/application (1.6ms)
Completed 200 OK in 9ms (Views: 8.2ms | ActiveRecord: 0.0ms)


Started GET "/" for 10.100.116.83 at 2012-07-25 18:14:23 -0400
Processing by HomeController#index as HTML
  Rendered home/index.html.erb within layouts/application (0.1ms)
Completed 200 OK in 4ms (Views: 3.9ms | ActiveRecord: 0.0ms)


Started GET "/adhoc/adhoc_reports" for 10.100.116.83 at 2012-07-25 18:14:24 -0400
Processing by AdhocController#adhoc_reports as HTML
  Rendered adhoc/adhoc_reports.html.erb within layouts/application (0.6ms)
Completed 200 OK in 4ms (Views: 3.6ms | ActiveRecord: 0.0ms)


Started GET "/" for 10.100.116.83 at 2012-07-25 18:14:25 -0400
Processing by HomeController#index as HTML
  Rendered home/index.html.erb within layouts/application (0.0ms)
Completed 200 OK in 3ms (Views: 3.1ms | ActiveRecord: 0.0ms)


Started GET "/adhoc/adhoc_reports" for 10.100.116.83 at 2012-07-25 18:14:26 -0400
Processing by AdhocController#adhoc_reports as HTML
  Rendered adhoc/adhoc_reports.html.erb within layouts/application (0.5ms)
Completed 200 OK in 3ms (Views: 3.3ms | ActiveRecord: 0.0ms)
123
/usr/local/rvm/gems/ruby-1.9.3-p194@railsTest/gems/pg-0.14.0/lib/pg.rb:4:in `require': cannot load such file -- pg_ext (LoadError)
	from /usr/local/rvm/gems/ruby-1.9.3-p194@railsTest/gems/pg-0.14.0/lib/pg.rb:4:in `<top (required)>'
	from /usr/local/rvm/my_app/ruby_scripts/reports/FailedTestsLast30days.rb:2:in `require'
	from /usr/local/rvm/my_app/ruby_scripts/reports/FailedTestsLast30days.rb:2:in `<main>'
[2012-07-25 18:14:35] WARN  Could not determine content-length of response body. Set content-length of the response or set Response#chunked = true
[2012-07-25 18:14:42] WARN  Could not determine content-length of response body. Set content-length of the response or set Response#chunked = true
[2012-07-25 18:14:42] WARN  Could not determine content-length of response body. Set content-length of the response or set Response#chunked = true
[2012-07-25 18:14:42] WARN  Could not determine content-length of response body. Set content-length of the response or set Response#chunked = true


Started GET "/download/runmyscript" for 10.100.116.83 at 2012-07-25 18:14:28 -0400
Processing by DownloadController#runmyscript as HTML
Sent file /usr/local/rvm/tmp/failed_tests_last_30days.csv (1.4ms)
Completed 200 OK in 459ms (ActiveRecord: 0.0ms)


Started GET "/adhoc/adhoc_reports" for 10.100.116.83 at 2012-07-25 18:14:35 -0400
Processing by AdhocController#adhoc_reports as HTML
  Rendered adhoc/adhoc_reports.html.erb within layouts/application (1.9ms)
Completed 200 OK in 10ms (Views: 9.8ms | ActiveRecord: 0.0ms)


Started GET "/adhoc/adhoc_reports" for 10.100.116.83 at 2012-07-25 18:14:41 -0400
Processing by AdhocController#adhoc_reports as HTML
  Rendered adhoc/adhoc_reports.html.erb within layouts/application (0.6ms)
Completed 200 OK in 4ms (Views: 3.8ms | ActiveRecord: 0.0ms)


Started GET "/adhoc/adhoc_reports" for 10.100.116.83 at 2012-07-25 18:14:42 -0400
Processing by AdhocController#adhoc_reports as HTML
  Rendered adhoc/adhoc_reports.html.erb within layouts/application (0.6ms)
Completed 200 OK in 4ms (Views: 3.6ms | ActiveRecord: 0.0ms)
123
/usr/local/rvm/gems/ruby-1.9.3-p194@railsTest/gems/pg-0.14.0/lib/pg.rb:4:in `require': cannot load such file -- pg_ext (LoadError)
	from /usr/local/rvm/gems/ruby-1.9.3-p194@railsTest/gems/pg-0.14.0/lib/pg.rb:4:in `<top (required)>'
	from /usr/local/rvm/my_app/ruby_scripts/reports/FailedTestsLast30days.rb:2:in `require'
	from /usr/local/rvm/my_app/ruby_scripts/reports/FailedTestsLast30days.rb:2:in `<main>'
[2012-07-25 18:14:59] WARN  Could not determine content-length of response body. Set content-length of the response or set Response#chunked = true
[2012-07-25 18:15:11] WARN  Could not determine content-length of response body. Set content-length of the response or set Response#chunked = true


Started GET "/download/runmyscript" for 10.100.116.83 at 2012-07-25 18:14:44 -0400
Processing by DownloadController#runmyscript as HTML
Sent file /usr/local/rvm/tmp/failed_tests_last_30days.csv (1.2ms)
Completed 200 OK in 447ms (ActiveRecord: 0.0ms)


Started GET "/adhoc/adhoc_reports" for 10.100.116.83 at 2012-07-25 18:14:59 -0400
Processing by AdhocController#adhoc_reports as HTML
  Rendered adhoc/adhoc_reports.html.erb within layouts/application (1.3ms)
Completed 200 OK in 8ms (Views: 7.1ms | ActiveRecord: 0.0ms)


Started GET "/adhoc/adhoc_reports" for 10.100.116.83 at 2012-07-25 18:15:11 -0400
Processing by AdhocController#adhoc_reports as HTML
  Rendered adhoc/adhoc_reports.html.erb within layouts/application (1.1ms)
Completed 200 OK in 6ms (Views: 5.3ms | ActiveRecord: 0.0ms)
123
/usr/local/rvm/gems/ruby-1.9.3-p194@railsTest/gems/pg-0.14.0/lib/pg.rb:4:in `require': cannot load such file -- pg_ext (LoadError)
	from /usr/local/rvm/gems/ruby-1.9.3-p194@railsTest/gems/pg-0.14.0/lib/pg.rb:4:in `<top (required)>'
	from /usr/local/rvm/my_app/ruby_scripts/reports/FailedTestsLast30days.rb:2:in `require'
	from /usr/local/rvm/my_app/ruby_scripts/reports/FailedTestsLast30days.rb:2:in `<main>'
[2012-07-25 18:15:22] WARN  Could not determine content-length of response body. Set content-length of the response or set Response#chunked = true
[2012-07-25 18:15:22] WARN  Could not determine content-length of response body. Set content-length of the response or set Response#chunked = true
[2012-07-25 18:15:23] WARN  Could not determine content-length of response body. Set content-length of the response or set Response#chunked = true
[2012-07-25 18:15:23] WARN  Could not determine content-length of response body. Set content-length of the response or set Response#chunked = true
[2012-07-25 18:16:17] WARN  Could not determine content-length of response body. Set content-length of the response or set Response#chunked = true
[2012-07-25 18:16:17] WARN  Could not determine content-length of response body. Set content-length of the response or set Response#chunked = true
[2012-07-25 18:16:18] WARN  Could not determine content-length of response body. Set content-length of the response or set Response#chunked = true
[2012-07-25 18:16:19] WARN  Could not determine content-length of response body. Set content-length of the response or set Response#chunked = true
[2012-07-25 18:16:20] WARN  Could not determine content-length of response body. Set content-length of the response or set Response#chunked = true
[2012-07-25 18:16:21] WARN  Could not determine content-length of response body. Set content-length of the response or set Response#chunked = true


Started GET "/download/runmyscript" for 10.100.116.83 at 2012-07-25 18:15:13 -0400
Processing by DownloadController#runmyscript as HTML
Sent file /usr/local/rvm/tmp/failed_tests_last_30days.csv (1.4ms)
Completed 200 OK in 465ms (ActiveRecord: 0.0ms)


Started GET "/adhoc/adhoc_reports" for 10.100.116.83 at 2012-07-25 18:15:22 -0400
Processing by AdhocController#adhoc_reports as HTML
  Rendered adhoc/adhoc_reports.html.erb within layouts/application (1.9ms)
Completed 200 OK in 10ms (Views: 9.4ms | ActiveRecord: 0.0ms)


Started GET "/adhoc/adhoc_reports" for 10.100.116.83 at 2012-07-25 18:15:23 -0400
Processing by AdhocController#adhoc_reports as HTML
  Rendered adhoc/adhoc_reports.html.erb within layouts/application (0.6ms)
Completed 200 OK in 4ms (Views: 4.0ms | ActiveRecord: 0.0ms)


Started GET "/adhoc/adhoc_reports" for 10.100.116.83 at 2012-07-25 18:16:17 -0400
Processing by AdhocController#adhoc_reports as HTML
  Rendered adhoc/adhoc_reports.html.erb within layouts/application (2.1ms)
Completed 200 OK in 6ms (Views: 5.5ms | ActiveRecord: 0.0ms)


Started GET "/adhoc/adhoc_reports" for 10.100.116.83 at 2012-07-25 18:16:18 -0400
Processing by AdhocController#adhoc_reports as HTML
  Rendered adhoc/adhoc_reports.html.erb within layouts/application (0.6ms)
Completed 200 OK in 4ms (Views: 3.9ms | ActiveRecord: 0.0ms)


Started GET "/" for 10.100.116.83 at 2012-07-25 18:16:19 -0400
Processing by HomeController#index as HTML
  Rendered home/index.html.erb within layouts/application (0.1ms)
Completed 200 OK in 5ms (Views: 4.1ms | ActiveRecord: 0.0ms)


Started GET "/fit_analyzer/analyzer" for 10.100.116.83 at 2012-07-25 18:16:20 -0400
Processing by FitAnalyzerController#analyzer as HTML
  Rendered fit_analyzer/analyzer.html.erb within layouts/application (2.3ms)
Completed 200 OK in 6ms (Views: 6.0ms | ActiveRecord: 0.0ms)


Started GET "/adhoc/adhoc_reports" for 10.100.116.83 at 2012-07-25 18:16:21 -0400
Processing by AdhocController#adhoc_reports as HTML
  Rendered adhoc/adhoc_reports.html.erb within layouts/application (0.6ms)
Completed 200 OK in 4ms (Views: 3.6ms | ActiveRecord: 0.0ms)
123
/usr/local/rvm/gems/ruby-1.9.3-p194@railsTest/gems/pg-0.14.0/lib/pg.rb:4:in `require': cannot load such file -- pg_ext (LoadError)
	from /usr/local/rvm/gems/ruby-1.9.3-p194@railsTest/gems/pg-0.14.0/lib/pg.rb:4:in `<top (required)>'
	from /usr/local/rvm/my_app/ruby_scripts/reports/FailedTestsLast30days.rb:2:in `require'
	from /usr/local/rvm/my_app/ruby_scripts/reports/FailedTestsLast30days.rb:2:in `<main>'
[2012-07-25 18:16:36] WARN  Could not determine content-length of response body. Set content-length of the response or set Response#chunked = true
[2012-07-25 18:16:36] WARN  Could not determine content-length of response body. Set content-length of the response or set Response#chunked = true
[2012-07-25 18:16:37] WARN  Could not determine content-length of response body. Set content-length of the response or set Response#chunked = true
[2012-07-25 18:16:37] WARN  Could not determine content-length of response body. Set content-length of the response or set Response#chunked = true
[2012-07-25 18:16:43] WARN  Could not determine content-length of response body. Set content-length of the response or set Response#chunked = true
[2012-07-25 18:16:43] WARN  Could not determine content-length of response body. Set content-length of the response or set Response#chunked = true
[2012-07-25 18:16:45] WARN  Could not determine content-length of response body. Set content-length of the response or set Response#chunked = true
[2012-07-25 18:16:45] WARN  Could not determine content-length of response body. Set content-length of the response or set Response#chunked = true


Started GET "/download/runmyscript" for 10.100.116.83 at 2012-07-25 18:16:22 -0400
Processing by DownloadController#runmyscript as HTML
Sent file /usr/local/rvm/tmp/failed_tests_last_30days.csv (1.3ms)
Completed 200 OK in 452ms (ActiveRecord: 0.0ms)


Started GET "/adhoc/adhoc_reports" for 10.100.116.83 at 2012-07-25 18:16:36 -0400
Processing by AdhocController#adhoc_reports as HTML
  Rendered adhoc/adhoc_reports.html.erb within layouts/application (1.4ms)
Completed 200 OK in 8ms (Views: 7.5ms | ActiveRecord: 0.0ms)


Started GET "/adhoc/adhoc_reports" for 10.100.116.83 at 2012-07-25 18:16:37 -0400
Processing by AdhocController#adhoc_reports as HTML
  Rendered adhoc/adhoc_reports.html.erb within layouts/application (0.6ms)
Completed 200 OK in 4ms (Views: 4.2ms | ActiveRecord: 0.0ms)


Started GET "/adhoc/adhoc_reports" for 10.100.116.83 at 2012-07-25 18:16:43 -0400
Processing by AdhocController#adhoc_reports as HTML
  Rendered adhoc/adhoc_reports.html.erb within layouts/application (1.1ms)
Completed 200 OK in 6ms (Views: 5.2ms | ActiveRecord: 0.0ms)


Started GET "/adhoc/adhoc_reports" for 10.100.116.83 at 2012-07-25 18:16:45 -0400
Processing by AdhocController#adhoc_reports as HTML
  Rendered adhoc/adhoc_reports.html.erb within layouts/application (0.5ms)
Completed 200 OK in 3ms (Views: 3.0ms | ActiveRecord: 0.0ms)
123
/usr/local/rvm/gems/ruby-1.9.3-p194@railsTest/gems/pg-0.14.0/lib/pg.rb:4:in `require': cannot load such file -- pg_ext (LoadError)
	from /usr/local/rvm/gems/ruby-1.9.3-p194@railsTest/gems/pg-0.14.0/lib/pg.rb:4:in `<top (required)>'
	from /usr/local/rvm/my_app/ruby_scripts/reports/FailedTestsLast30days.rb:2:in `require'
	from /usr/local/rvm/my_app/ruby_scripts/reports/FailedTestsLast30days.rb:2:in `<main>'
[2012-07-25 18:17:11] WARN  Could not determine content-length of response body. Set content-length of the response or set Response#chunked = true
[2012-07-25 18:18:59] WARN  Could not determine content-length of response body. Set content-length of the response or set Response#chunked = true


Started GET "/download/runmyscript" for 10.100.116.83 at 2012-07-25 18:17:07 -0400
Processing by DownloadController#runmyscript as HTML
Sent file /usr/local/rvm/tmp/failed_tests_last_30days.csv (1.4ms)
Completed 200 OK in 460ms (ActiveRecord: 0.0ms)


Started GET "/adhoc/adhoc_reports" for 10.100.116.83 at 2012-07-25 18:17:10 -0400
Processing by AdhocController#adhoc_reports as HTML
  Rendered adhoc/adhoc_reports.html.erb within layouts/application (3.3ms)
Completed 200 OK in 13ms (Views: 11.6ms | ActiveRecord: 0.0ms)


Started GET "/adhoc/adhoc_reports" for 10.100.116.83 at 2012-07-25 18:18:59 -0400
Processing by AdhocController#adhoc_reports as HTML
  Rendered adhoc/adhoc_reports.html.erb within layouts/application (1.4ms)
Completed 200 OK in 6ms (Views: 5.1ms | ActiveRecord: 0.0ms)
123
/usr/local/rvm/gems/ruby-1.9.3-p194@railsTest/gems/pg-0.14.0/lib/pg.rb:4:in `require': cannot load such file -- pg_ext (LoadError)
	from /usr/local/rvm/gems/ruby-1.9.3-p194@railsTest/gems/pg-0.14.0/lib/pg.rb:4:in `<top (required)>'
	from /usr/local/rvm/my_app/ruby_scripts/reports/FailedTestsLast30days.rb:2:in `require'
	from /usr/local/rvm/my_app/ruby_scripts/reports/FailedTestsLast30days.rb:2:in `<main>'
[2012-07-25 18:19:04] WARN  Could not determine content-length of response body. Set content-length of the response or set Response#chunked = true
[2012-07-25 18:22:08] WARN  Could not determine content-length of response body. Set content-length of the response or set Response#chunked = true
[2012-07-25 18:22:09] WARN  Could not determine content-length of response body. Set content-length of the response or set Response#chunked = true


Started GET "/download/runmyscript" for 10.100.116.83 at 2012-07-25 18:19:01 -0400
Processing by DownloadController#runmyscript as HTML
Sent file /usr/local/rvm/tmp/failed_tests_last_30days.csv (1.4ms)
Completed 200 OK in 456ms (ActiveRecord: 0.0ms)


Started GET "/adhoc/adhoc_reports" for 10.100.116.83 at 2012-07-25 18:19:04 -0400
Processing by AdhocController#adhoc_reports as HTML
  Rendered adhoc/adhoc_reports.html.erb within layouts/application (1.8ms)
Completed 200 OK in 10ms (Views: 9.3ms | ActiveRecord: 0.0ms)


Started GET "/adhoc/adhoc_reports" for 10.100.116.83 at 2012-07-25 18:22:08 -0400
Processing by AdhocController#adhoc_reports as HTML
  Rendered adhoc/adhoc_reports.html.erb within layouts/application (2.9ms)
Completed 200 OK in 10ms (Views: 9.5ms | ActiveRecord: 0.0ms)


Started GET "/" for 10.100.116.83 at 2012-07-25 18:22:08 -0400
Processing by HomeController#index as HTML
  Rendered home/index.html.erb within layouts/application (0.1ms)
Completed 200 OK in 5ms (Views: 4.2ms | ActiveRecord: 0.0ms)


Started GET "/adhoc/adhoc_reports" for 10.100.116.83 at 2012-07-25 18:22:09 -0400
Processing by AdhocController#adhoc_reports as HTML
  Rendered adhoc/adhoc_reports.html.erb within layouts/application (0.7ms)
Completed 200 OK in 4ms (Views: 3.4ms | ActiveRecord: 0.0ms)
123
/usr/local/rvm/gems/ruby-1.9.3-p194@railsTest/gems/pg-0.14.0/lib/pg.rb:4:in `require': cannot load such file -- pg_ext (LoadError)
	from /usr/local/rvm/gems/ruby-1.9.3-p194@railsTest/gems/pg-0.14.0/lib/pg.rb:4:in `<top (required)>'
	from /usr/local/rvm/my_app/ruby_scripts/reports/FailedTestsLast30days.rb:2:in `require'
	from /usr/local/rvm/my_app/ruby_scripts/reports/FailedTestsLast30days.rb:2:in `<main>'
[2012-07-25 18:22:15] WARN  Could not determine content-length of response body. Set content-length of the response or set Response#chunked = true


Started GET "/download/runmyscript" for 10.100.116.83 at 2012-07-25 18:22:10 -0400
Processing by DownloadController#runmyscript as HTML
Sent file /usr/local/rvm/tmp/failed_tests_last_30days.csv (1.5ms)
Completed 200 OK in 453ms (ActiveRecord: 0.0ms)


Started GET "/adhoc/adhoc_reports" for 10.100.116.83 at 2012-07-25 18:22:15 -0400
Processing by AdhocController#adhoc_reports as HTML
  Rendered adhoc/adhoc_reports.html.erb within layouts/application (1.4ms)
Completed 200 OK in 9ms (Views: 8.1ms | ActiveRecord: 0.0ms)


Started GET "/adhoc/adhoc_reports" for 10.100.116.83 at 2012-07-25 18:22:57 -0400
Processing by AdhocController#adhoc_reports as HTML
  Rendered adhoc/adhoc_reports.html.erb within layouts/application (0.6ms)
Completed 200 OK in 4ms (Views: 3.8ms | ActiveRecord: 0.0ms)
123
/usr/local/rvm/gems/ruby-1.9.3-p194@railsTest/gems/pg-0.14.0/lib/pg.rb:4:in `require': cannot load such file -- pg_ext (LoadError)
	from /usr/local/rvm/gems/ruby-1.9.3-p194@railsTest/gems/pg-0.14.0/lib/pg.rb:4:in `<top (required)>'
	from /usr/local/rvm/my_app/ruby_scripts/reports/FailedTestsLast30days.rb:2:in `require'
	from /usr/local/rvm/my_app/ruby_scripts/reports/FailedTestsLast30days.rb:2:in `<main>'
