1   :  nocomment violation in /CloudSuite/RegressionSuite/CloudCore/SuiteSetUp/SetInitialCloudState/content.txt
1   :  nocomment violation in /CommunitySuite/RegressionSuite/AddModuleManage/TearDown/content.txt
1   :  nocomment violation in /CommunitySuite/RegressionSuite/BrandsAndThemes/BrandThemes/SuiteCleanUp/content.txt
1   :  nocomment violation in /CommunitySuite/RegressionSuite/BrandsAndThemes/BrandThemes/TearDown/content.txt
1   :  nocomment violation in /CommunitySuite/RegressionSuite/BrandsAndThemes/BrandThemes/Uc010Setup/A0020CreateCustomInstitutionRole/content.txt
1   :  nocomment violation in /CommunitySuite/RegressionSuite/BrandsAndThemes/BrandThemes/Uc010Setup/A0030CreateCustomBrandAssociatedToTheCustomInstitutionRole/content.txt
1   :  nocomment violation in /CommunitySuite/RegressionSuite/BrandsAndThemes/BrandThemes/Uc010Setup/A0040CreateUserWithCustomInstitutionRole/content.txt
1   :       wait violation in /CommunitySuite/RegressionSuite/BrandsAndThemes/BrandThemes/Uc010Setup/A0060AddSampleThemePkgFileToContColl/content.txt
1   :  nocomment violation in /CommunitySuite/RegressionSuite/BrandsAndThemes/BrandThemes/Uc010Setup/A0060AddSampleThemePkgFileToContColl/content.txt
1   :  nocomment violation in /CommunitySuite/RegressionSuite/BrandsAndThemes/BrandThemes/Uc020CreateTheme/A0010CreateThemeWithRequiredData/content.txt
1   :  nocomment violation in /CommunitySuite/RegressionSuite/BrandsAndThemes/BrandThemes/Uc020CreateTheme/A0020CreateThemeWithLeadingTrailingSpacesInTheFields/content.txt
1   :  nocomment violation in /CommunitySuite/RegressionSuite/BrandsAndThemes/BrandThemes/Uc020CreateTheme/A0030CreateThemeMaxLengthCharacters/content.txt
1   :  nocomment violation in /CommunitySuite/RegressionSuite/BrandsAndThemes/BrandThemes/Uc020CreateTheme/A0040CreateThemeMultibyteCharacters/content.txt
1   :  nocomment violation in /CommunitySuite/RegressionSuite/BrandsAndThemes/BrandThemes/Uc020CreateTheme/A0050CreateThemeWithSetLanguagePackNotDefault/content.txt
1   :  nocomment violation in /CommunitySuite/RegressionSuite/BrandsAndThemes/BrandThemes/Uc040EditTheme/A0010EditThemeUploadedAssocForBrand/content.txt
1   :  nocomment violation in /CommunitySuite/RegressionSuite/BrandsAndThemes/BrandThemes/Uc050DownloadTheme/A0010DownloadDefaultTheme/content.txt
1   :  nocomment violation in /CommunitySuite/RegressionSuite/BrandsAndThemes/BrandThemes/Uc050DownloadTheme/A0020DownloadNewlyCreatedTheme/content.txt
1   :       wait violation in /CommunitySuite/RegressionSuite/BrandsAndThemes/BrandThemes/Uc060UploadCustomizedPackageFiles/A0020UploadCustomizedEditedPackageFileFromTestersMachine/content.txt
1   :  nocomment violation in /CommunitySuite/RegressionSuite/BrandsAndThemes/BrandThemes/Uc060UploadCustomizedPackageFiles/A0020UploadCustomizedEditedPackageFileFromTestersMachine/content.txt
1   :       wait violation in /CommunitySuite/RegressionSuite/BrandsAndThemes/BrandThemes/Uc060UploadCustomizedPackageFiles/A0030UploadPackageThemeFromContentCollection/content.txt
1   :  nocomment violation in /CommunitySuite/RegressionSuite/BrandsAndThemes/BrandThemes/Uc060UploadCustomizedPackageFiles/A0030UploadPackageThemeFromContentCollection/content.txt
1   :  nocomment violation in /CommunitySuite/RegressionSuite/BrandsAndThemes/BrandThemes/Uc060UploadCustomizedPackageFiles/A0040ViewCssFilesBeingServedInTheHtmlForTheThemeWhenCssPropertySetToOptimized/content.txt
5   :       wait violation in /CommunitySuite/RegressionSuite/BrandsAndThemes/BrandThemes/Uc060UploadCustomizedPackageFiles/A0050UploadCustomizedEditedPackageFileToExistingThemePackageFromTestersMachine/content.txt
1   :  nocomment violation in /CommunitySuite/RegressionSuite/BrandsAndThemes/BrandThemes/Uc060UploadCustomizedPackageFiles/A0050UploadCustomizedEditedPackageFileToExistingThemePackageFromTestersMachine/content.txt
1   :  nocomment violation in /CommunitySuite/RegressionSuite/BrandsAndThemes/BrandThemes/Uc060UploadCustomizedPackageFiles/A0060CreateCustomThemeAndCreateCustomBrand/content.txt
1   :  nocomment violation in /CommunitySuite/RegressionSuite/BrandsAndThemes/GatewayAndLoginPage/SuiteTearDown/content.txt
1   :  nocomment violation in /CommunitySuite/RegressionSuite/BrandsAndThemes/GatewayAndLoginPage/TearDown/content.txt
1   :  nocomment violation in /CommunitySuite/RegressionSuite/BrandsAndThemes/GatewayAndLoginPage/Uc010Setup/A0010CopyFiles/content.txt
1   :  nocomment violation in /CommunitySuite/RegressionSuite/BrandsAndThemes/GatewayAndLoginPage/Uc010Setup/A0020RenameFiles/content.txt
1   :  nocomment violation in /CommunitySuite/RegressionSuite/BrandsAndThemes/GatewayAndLoginPage/Uc020MultipleWaysCcessingGwayLgnPg/A0010AllAccPathsAreRedirToCmbdGwayLgnPg/content.txt
1   :  nocomment violation in /CommunitySuite/RegressionSuite/BrandsAndThemes/GatewayAndLoginPage/Uc030ValidgFunctLinksOnCmbdGwaylgn/A0020CrtCrses/content.txt
1   :  nocomment violation in /CommunitySuite/RegressionSuite/BrandsAndThemes/GatewayAndLoginPage/Uc030ValidgFunctLinksOnCmbdGwaylgn/A0025CreateOrganizations/content.txt
1   :  nocomment violation in /CommunitySuite/RegressionSuite/BrandsAndThemes/GatewayAndLoginPage/Uc030ValidgFunctLinksOnCmbdGwaylgn/A0030SettsInGwayOptsPgShouldBeSetToDefaultVals/content.txt
1   :  nocomment violation in /CommunitySuite/RegressionSuite/BrandsAndThemes/GatewayAndLoginPage/Uc030ValidgFunctLinksOnCmbdGwaylgn/A0040SetLangPacksToAvailable/content.txt
1   :  nocomment violation in /CommunitySuite/RegressionSuite/BrandsAndThemes/GatewayAndLoginPage/Uc030ValidgFunctLinksOnCmbdGwaylgn/A0050ViewGwayLgnPgLayout/content.txt
1   :  nocomment violation in /CommunitySuite/RegressionSuite/BrandsAndThemes/GatewayAndLoginPage/Uc030ValidgFunctLinksOnCmbdGwaylgn/A0060ChangeLangSettsToDspyLgnPgInDesiredLangS/content.txt
1   :  nocomment violation in /CommunitySuite/RegressionSuite/BrandsAndThemes/GatewayAndLoginPage/Uc030ValidgFunctLinksOnCmbdGwaylgn/A0070RetrievePwdUsingForgotYourPwdLink/content.txt
1   :  nocomment violation in /CommunitySuite/RegressionSuite/BrandsAndThemes/GatewayAndLoginPage/Uc030ValidgFunctLinksOnCmbdGwaylgn/A0080CrtAnActUsingCrtNewActLink/content.txt
1   :  nocomment violation in /CommunitySuite/RegressionSuite/BrandsAndThemes/GatewayAndLoginPage/Uc030ValidgFunctLinksOnCmbdGwaylgn/A0090UserCrtdcrtNewActPg/content.txt
1   :  nocomment violation in /CommunitySuite/RegressionSuite/BrandsAndThemes/GatewayAndLoginPage/Uc030ValidgFunctLinksOnCmbdGwaylgn/A0100AccSysGuestUserUsingPreviewGuestLink/content.txt
1   :  nocomment violation in /CommunitySuite/RegressionSuite/BrandsAndThemes/GatewayAndLoginPage/Uc040CustGwayOpts/A0010LinkCrseCatalogToExternalCatalogUrl/content.txt
1   :  nocomment violation in /CloudSuite/RegressionSuite/CloudCore/SuiteSetUp/SetInitialCloudState/content.txt
1   :  nocomment violation in /CommunitySuite/RegressionSuite/AddModuleManage/TearDown/content.txt
1   :  nocomment violation in /CommunitySuite/RegressionSuite/BrandsAndThemes/BrandThemes/SuiteCleanUp/content.txt
1   :  nocomment violation in /CommunitySuite/RegressionSuite/BrandsAndThemes/BrandThemes/TearDown/content.txt
1   :  nocomment violation in /CommunitySuite/RegressionSuite/BrandsAndThemes/BrandThemes/Uc010Setup/A0020CreateCustomInstitutionRole/content.txt
1   :  nocomment violation in /CommunitySuite/RegressionSuite/BrandsAndThemes/BrandThemes/Uc010Setup/A0030CreateCustomBrandAssociatedToTheCustomInstitutionRole/content.txt
1   :  nocomment violation in /CommunitySuite/RegressionSuite/BrandsAndThemes/BrandThemes/Uc010Setup/A0040CreateUserWithCustomInstitutionRole/content.txt
1   :       wait violation in /CommunitySuite/RegressionSuite/BrandsAndThemes/BrandThemes/Uc010Setup/A0060AddSampleThemePkgFileToContColl/content.txt
1   :  nocomment violation in /CommunitySuite/RegressionSuite/BrandsAndThemes/BrandThemes/Uc010Setup/A0060AddSampleThemePkgFileToContColl/content.txt
1   :  nocomment violation in /CommunitySuite/RegressionSuite/BrandsAndThemes/BrandThemes/Uc020CreateTheme/A0010CreateThemeWithRequiredData/content.txt
1   :  nocomment violation in /CommunitySuite/RegressionSuite/BrandsAndThemes/BrandThemes/Uc020CreateTheme/A0020CreateThemeWithLeadingTrailingSpacesInTheFields/content.txt
1   :  nocomment violation in /CommunitySuite/RegressionSuite/BrandsAndThemes/BrandThemes/Uc020CreateTheme/A0030CreateThemeMaxLengthCharacters/content.txt
1   :  nocomment violation in /CommunitySuite/RegressionSuite/BrandsAndThemes/BrandThemes/Uc020CreateTheme/A0040CreateThemeMultibyteCharacters/content.txt
1   :  nocomment violation in /CommunitySuite/RegressionSuite/BrandsAndThemes/BrandThemes/Uc020CreateTheme/A0050CreateThemeWithSetLanguagePackNotDefault/content.txt
1   :  nocomment violation in /CommunitySuite/RegressionSuite/BrandsAndThemes/BrandThemes/Uc040EditTheme/A0010EditThemeUploadedAssocForBrand/content.txt
1   :  nocomment violation in /CommunitySuite/RegressionSuite/BrandsAndThemes/BrandThemes/Uc050DownloadTheme/A0010DownloadDefaultTheme/content.txt
1   :  nocomment violation in /CommunitySuite/RegressionSuite/BrandsAndThemes/BrandThemes/Uc050DownloadTheme/A0020DownloadNewlyCreatedTheme/content.txt
1   :       wait violation in /CommunitySuite/RegressionSuite/BrandsAndThemes/BrandThemes/Uc060UploadCustomizedPackageFiles/A0020UploadCustomizedEditedPackageFileFromTestersMachine/content.txt
1   :  nocomment violation in /CommunitySuite/RegressionSuite/BrandsAndThemes/BrandThemes/Uc060UploadCustomizedPackageFiles/A0020UploadCustomizedEditedPackageFileFromTestersMachine/content.txt
1   :       wait violation in /CommunitySuite/RegressionSuite/BrandsAndThemes/BrandThemes/Uc060UploadCustomizedPackageFiles/A0030UploadPackageThemeFromContentCollection/content.txt
1   :  nocomment violation in /CommunitySuite/RegressionSuite/BrandsAndThemes/BrandThemes/Uc060UploadCustomizedPackageFiles/A0030UploadPackageThemeFromContentCollection/content.txt
1   :  nocomment violation in /CommunitySuite/RegressionSuite/BrandsAndThemes/BrandThemes/Uc060UploadCustomizedPackageFiles/A0040ViewCssFilesBeingServedInTheHtmlForTheThemeWhenCssPropertySetToOptimized/content.txt
5   :       wait violation in /CommunitySuite/RegressionSuite/BrandsAndThemes/BrandThemes/Uc060UploadCustomizedPackageFiles/A0050UploadCustomizedEditedPackageFileToExistingThemePackageFromTestersMachine/content.txt
1   :  nocomment violation in /CommunitySuite/RegressionSuite/BrandsAndThemes/BrandThemes/Uc060UploadCustomizedPackageFiles/A0050UploadCustomizedEditedPackageFileToExistingThemePackageFromTestersMachine/content.txt
1   :  nocomment violation in /CommunitySuite/RegressionSuite/BrandsAndThemes/BrandThemes/Uc060UploadCustomizedPackageFiles/A0060CreateCustomThemeAndCreateCustomBrand/content.txt
1   :  nocomment violation in /CommunitySuite/RegressionSuite/BrandsAndThemes/GatewayAndLoginPage/SuiteTearDown/content.txt
1   :  nocomment violation in /CommunitySuite/RegressionSuite/BrandsAndThemes/GatewayAndLoginPage/TearDown/content.txt
1   :  nocomment violation in /CommunitySuite/RegressionSuite/BrandsAndThemes/GatewayAndLoginPage/Uc010Setup/A0010CopyFiles/content.txt
1   :  nocomment violation in /CommunitySuite/RegressionSuite/BrandsAndThemes/GatewayAndLoginPage/Uc010Setup/A0020RenameFiles/content.txt
1   :  nocomment violation in /CommunitySuite/RegressionSuite/BrandsAndThemes/GatewayAndLoginPage/Uc020MultipleWaysCcessingGwayLgnPg/A0010AllAccPathsAreRedirToCmbdGwayLgnPg/content.txt
1   :  nocomment violation in /CommunitySuite/RegressionSuite/BrandsAndThemes/GatewayAndLoginPage/Uc030ValidgFunctLinksOnCmbdGwaylgn/A0020CrtCrses/content.txt
1   :  nocomment violation in /CommunitySuite/RegressionSuite/BrandsAndThemes/GatewayAndLoginPage/Uc030ValidgFunctLinksOnCmbdGwaylgn/A0025CreateOrganizations/content.txt
1   :  nocomment violation in /CommunitySuite/RegressionSuite/BrandsAndThemes/GatewayAndLoginPage/Uc030ValidgFunctLinksOnCmbdGwaylgn/A0030SettsInGwayOptsPgShouldBeSetToDefaultVals/content.txt
1   :  nocomment violation in /CommunitySuite/RegressionSuite/BrandsAndThemes/GatewayAndLoginPage/Uc030ValidgFunctLinksOnCmbdGwaylgn/A0040SetLangPacksToAvailable/content.txt
1   :  nocomment violation in /CommunitySuite/RegressionSuite/BrandsAndThemes/GatewayAndLoginPage/Uc030ValidgFunctLinksOnCmbdGwaylgn/A0050ViewGwayLgnPgLayout/content.txt
1   :  nocomment violation in /CommunitySuite/RegressionSuite/BrandsAndThemes/GatewayAndLoginPage/Uc030ValidgFunctLinksOnCmbdGwaylgn/A0060ChangeLangSettsToDspyLgnPgInDesiredLangS/content.txt
1   :  nocomment violation in /CommunitySuite/RegressionSuite/BrandsAndThemes/GatewayAndLoginPage/Uc030ValidgFunctLinksOnCmbdGwaylgn/A0070RetrievePwdUsingForgotYourPwdLink/content.txt
1   :  nocomment violation in /CommunitySuite/RegressionSuite/BrandsAndThemes/GatewayAndLoginPage/Uc030ValidgFunctLinksOnCmbdGwaylgn/A0080CrtAnActUsingCrtNewActLink/content.txt
1   :  nocomment violation in /CommunitySuite/RegressionSuite/BrandsAndThemes/GatewayAndLoginPage/Uc030ValidgFunctLinksOnCmbdGwaylgn/A0090UserCrtdcrtNewActPg/content.txt
1   :  nocomment violation in /CommunitySuite/RegressionSuite/BrandsAndThemes/GatewayAndLoginPage/Uc030ValidgFunctLinksOnCmbdGwaylgn/A0100AccSysGuestUserUsingPreviewGuestLink/content.txt
1   :  nocomment violation in /CommunitySuite/RegressionSuite/BrandsAndThemes/GatewayAndLoginPage/Uc040CustGwayOpts/A0010LinkCrseCatalogToExternalCatalogUrl/content.txt
1   :  nocomment violation in /CommunitySuite/RegressionSuite/BrandsAndThemes/GatewayAndLoginPage/Uc040CustGwayOpts/A0020ViewGwayLgnPgLayoutAfterResettSetts/content.txt
1   :  nocomment violation in /CommunitySuite/RegressionSuite/BrandsAndThemes/GatewayAndLoginPage/Uc050GwaylgnPgDspyPerBrCustdSetts/A0010GwayLgnPgLookFeelIsBasedOnDefaultThemeSetts/content.txt
1   :  nocomment violation in /CommunitySuite/RegressionSuite/BrandsAndThemes/GatewayAndLoginPage/Uc050GwaylgnPgDspyPerBrCustdSetts/A0020CrtCustomBr/content.txt
1   :  nocomment violation in /CommunitySuite/RegressionSuite/BrandsAndThemes/GatewayAndLoginPage/Uc050GwaylgnPgDspyPerBrCustdSetts/A0030FontStyleDspyIsBasedOnSldThmsSett/content.txt
1   :  nocomment violation in /CommunitySuite/RegressionSuite/BrandsAndThemes/GatewayAndLoginPage/Uc050GwaylgnPgDspyPerBrCustdSetts/A0040ContFrameBkgrdColrDplySelectdThmeSett/content.txt
1   :  nocomment violation in /CommunitySuite/RegressionSuite/BrandsAndThemes/GatewayAndLoginPage/Uc050GwaylgnPgDspyPerBrCustdSetts/A0050ModBrSpecificCustomFragmentBackend/content.txt
1   :  nocomment violation in /CloudSuite/RegressionSuite/CloudCore/SuiteSetUp/SetInitialCloudState/content.txt
1   :  nocomment violation in /CommunitySuite/RegressionSuite/AddModuleManage/TearDown/content.txt
1   :  nocomment violation in /CommunitySuite/RegressionSuite/BrandsAndThemes/BrandThemes/SuiteCleanUp/content.txt
1   :  nocomment violation in /CommunitySuite/RegressionSuite/BrandsAndThemes/BrandThemes/TearDown/content.txt
1   :  nocomment violation in /CommunitySuite/RegressionSuite/BrandsAndThemes/BrandThemes/Uc010Setup/A0020CreateCustomInstitutionRole/content.txt
1   :  nocomment violation in /CommunitySuite/RegressionSuite/BrandsAndThemes/BrandThemes/Uc010Setup/A0030CreateCustomBrandAssociatedToTheCustomInstitutionRole/content.txt
1   :  nocomment violation in /CommunitySuite/RegressionSuite/BrandsAndThemes/BrandThemes/Uc010Setup/A0040CreateUserWithCustomInstitutionRole/content.txt
1   :       wait violation in /CommunitySuite/RegressionSuite/BrandsAndThemes/BrandThemes/Uc010Setup/A0060AddSampleThemePkgFileToContColl/content.txt
1   :  nocomment violation in /CommunitySuite/RegressionSuite/BrandsAndThemes/BrandThemes/Uc010Setup/A0060AddSampleThemePkgFileToContColl/content.txt
1   :  nocomment violation in /CommunitySuite/RegressionSuite/BrandsAndThemes/BrandThemes/Uc020CreateTheme/A0010CreateThemeWithRequiredData/content.txt
1   :  nocomment violation in /CommunitySuite/RegressionSuite/BrandsAndThemes/BrandThemes/Uc020CreateTheme/A0020CreateThemeWithLeadingTrailingSpacesInTheFields/content.txt
1   :  nocomment violation in /CommunitySuite/RegressionSuite/BrandsAndThemes/BrandThemes/Uc020CreateTheme/A0030CreateThemeMaxLengthCharacters/content.txt
1   :  nocomment violation in /CommunitySuite/RegressionSuite/BrandsAndThemes/BrandThemes/Uc020CreateTheme/A0040CreateThemeMultibyteCharacters/content.txt
1   :  nocomment violation in /CommunitySuite/RegressionSuite/BrandsAndThemes/BrandThemes/Uc020CreateTheme/A0050CreateThemeWithSetLanguagePackNotDefault/content.txt
1   :  nocomment violation in /CommunitySuite/RegressionSuite/BrandsAndThemes/BrandThemes/Uc040EditTheme/A0010EditThemeUploadedAssocForBrand/content.txt
1   :  nocomment violation in /CommunitySuite/RegressionSuite/BrandsAndThemes/BrandThemes/Uc050DownloadTheme/A0010DownloadDefaultTheme/content.txt
1   :  nocomment violation in /CommunitySuite/RegressionSuite/BrandsAndThemes/BrandThemes/Uc050DownloadTheme/A0020DownloadNewlyCreatedTheme/content.txt
1   :       wait violation in /CommunitySuite/RegressionSuite/BrandsAndThemes/BrandThemes/Uc060UploadCustomizedPackageFiles/A0020UploadCustomizedEditedPackageFileFromTestersMachine/content.txt
1   :  nocomment violation in /CommunitySuite/RegressionSuite/BrandsAndThemes/BrandThemes/Uc060UploadCustomizedPackageFiles/A0020UploadCustomizedEditedPackageFileFromTestersMachine/content.txt
1   :       wait violation in /CommunitySuite/RegressionSuite/BrandsAndThemes/BrandThemes/Uc060UploadCustomizedPackageFiles/A0030UploadPackageThemeFromContentCollection/content.txt
1   :  nocomment violation in /CommunitySuite/RegressionSuite/BrandsAndThemes/BrandThemes/Uc060UploadCustomizedPackageFiles/A0030UploadPackageThemeFromContentCollection/content.txt
1   :  nocomment violation in /CommunitySuite/RegressionSuite/BrandsAndThemes/BrandThemes/Uc060UploadCustomizedPackageFiles/A0040ViewCssFilesBeingServedInTheHtmlForTheThemeWhenCssPropertySetToOptimized/content.txt
5   :       wait violation in /CommunitySuite/RegressionSuite/BrandsAndThemes/BrandThemes/Uc060UploadCustomizedPackageFiles/A0050UploadCustomizedEditedPackageFileToExistingThemePackageFromTestersMachine/content.txt
1   :  nocomment violation in /CommunitySuite/RegressionSuite/BrandsAndThemes/BrandThemes/Uc060UploadCustomizedPackageFiles/A0050UploadCustomizedEditedPackageFileToExistingThemePackageFromTestersMachine/content.txt
1   :  nocomment violation in /CommunitySuite/RegressionSuite/BrandsAndThemes/BrandThemes/Uc060UploadCustomizedPackageFiles/A0060CreateCustomThemeAndCreateCustomBrand/content.txt
1   :  nocomment violation in /CommunitySuite/RegressionSuite/BrandsAndThemes/GatewayAndLoginPage/SuiteTearDown/content.txt
1   :  nocomment violation in /CommunitySuite/RegressionSuite/BrandsAndThemes/GatewayAndLoginPage/TearDown/content.txt
1   :  nocomment violation in /CommunitySuite/RegressionSuite/BrandsAndThemes/GatewayAndLoginPage/Uc010Setup/A0010CopyFiles/content.txt
1   :  nocomment violation in /CommunitySuite/RegressionSuite/BrandsAndThemes/GatewayAndLoginPage/Uc010Setup/A0020RenameFiles/content.txt
1   :  nocomment violation in /CommunitySuite/RegressionSuite/BrandsAndThemes/GatewayAndLoginPage/Uc020MultipleWaysCcessingGwayLgnPg/A0010AllAccPathsAreRedirToCmbdGwayLgnPg/content.txt
1   :  nocomment violation in /CommunitySuite/RegressionSuite/BrandsAndThemes/GatewayAndLoginPage/Uc030ValidgFunctLinksOnCmbdGwaylgn/A0020CrtCrses/content.txt
1   :  nocomment violation in /CommunitySuite/RegressionSuite/BrandsAndThemes/GatewayAndLoginPage/Uc030ValidgFunctLinksOnCmbdGwaylgn/A0025CreateOrganizations/content.txt
1   :  nocomment violation in /CommunitySuite/RegressionSuite/BrandsAndThemes/GatewayAndLoginPage/Uc030ValidgFunctLinksOnCmbdGwaylgn/A0030SettsInGwayOptsPgShouldBeSetToDefaultVals/content.txt
1   :  nocomment violation in /CommunitySuite/RegressionSuite/BrandsAndThemes/GatewayAndLoginPage/Uc030ValidgFunctLinksOnCmbdGwaylgn/A0040SetLangPacksToAvailable/content.txt
1   :  nocomment violation in /CommunitySuite/RegressionSuite/BrandsAndThemes/GatewayAndLoginPage/Uc030ValidgFunctLinksOnCmbdGwaylgn/A0050ViewGwayLgnPgLayout/content.txt
1   :  nocomment violation in /CommunitySuite/RegressionSuite/BrandsAndThemes/GatewayAndLoginPage/Uc030ValidgFunctLinksOnCmbdGwaylgn/A0060ChangeLangSettsToDspyLgnPgInDesiredLangS/content.txt
1   :  nocomment violation in /CommunitySuite/RegressionSuite/BrandsAndThemes/GatewayAndLoginPage/Uc030ValidgFunctLinksOnCmbdGwaylgn/A0070RetrievePwdUsingForgotYourPwdLink/content.txt
1   :  nocomment violation in /CommunitySuite/RegressionSuite/BrandsAndThemes/GatewayAndLoginPage/Uc030ValidgFunctLinksOnCmbdGwaylgn/A0080CrtAnActUsingCrtNewActLink/content.txt
1   :  nocomment violation in /CommunitySuite/RegressionSuite/BrandsAndThemes/GatewayAndLoginPage/Uc030ValidgFunctLinksOnCmbdGwaylgn/A0090UserCrtdcrtNewActPg/content.txt
1   :  nocomment violation in /CommunitySuite/RegressionSuite/BrandsAndThemes/GatewayAndLoginPage/Uc030ValidgFunctLinksOnCmbdGwaylgn/A0100AccSysGuestUserUsingPreviewGuestLink/content.txt
1   :  nocomment violation in /CommunitySuite/RegressionSuite/BrandsAndThemes/GatewayAndLoginPage/Uc040CustGwayOpts/A0010LinkCrseCatalogToExternalCatalogUrl/content.txt
1   :  nocomment violation in /CommunitySuite/RegressionSuite/BrandsAndThemes/GatewayAndLoginPage/Uc040CustGwayOpts/A0020ViewGwayLgnPgLayoutAfterResettSetts/content.txt
1   :  nocomment violation in /CommunitySuite/RegressionSuite/BrandsAndThemes/GatewayAndLoginPage/Uc050GwaylgnPgDspyPerBrCustdSetts/A0010GwayLgnPgLookFeelIsBasedOnDefaultThemeSetts/content.txt
1   :  nocomment violation in /CommunitySuite/RegressionSuite/BrandsAndThemes/GatewayAndLoginPage/Uc050GwaylgnPgDspyPerBrCustdSetts/A0020CrtCustomBr/content.txt
1   :  nocomment violation in /CommunitySuite/RegressionSuite/BrandsAndThemes/GatewayAndLoginPage/Uc050GwaylgnPgDspyPerBrCustdSetts/A0030FontStyleDspyIsBasedOnSldThmsSett/content.txt
1   :  nocomment violation in /CommunitySuite/RegressionSuite/BrandsAndThemes/GatewayAndLoginPage/Uc050GwaylgnPgDspyPerBrCustdSetts/A0040ContFrameBkgrdColrDplySelectdThmeSett/content.txt
1   :  nocomment violation in /CommunitySuite/RegressionSuite/BrandsAndThemes/GatewayAndLoginPage/Uc050GwaylgnPgDspyPerBrCustdSetts/A0050ModBrSpecificCustomFragmentBackend/content.txt
1   :  nocomment violation in /CloudSuite/RegressionSuite/CloudCore/SuiteSetUp/SetInitialCloudState/content.txt
1   :  nocomment violation in /CommunitySuite/RegressionSuite/AddModuleManage/TearDown/content.txt
1   :  nocomment violation in /CommunitySuite/RegressionSuite/BrandsAndThemes/BrandThemes/SuiteCleanUp/content.txt
1   :  nocomment violation in /CommunitySuite/RegressionSuite/BrandsAndThemes/BrandThemes/TearDown/content.txt
1   :  nocomment violation in /CommunitySuite/RegressionSuite/BrandsAndThemes/BrandThemes/Uc010Setup/A0020CreateCustomInstitutionRole/content.txt
1   :  nocomment violation in /CommunitySuite/RegressionSuite/BrandsAndThemes/BrandThemes/Uc010Setup/A0030CreateCustomBrandAssociatedToTheCustomInstitutionRole/content.txt
1   :  nocomment violation in /CommunitySuite/RegressionSuite/BrandsAndThemes/BrandThemes/Uc010Setup/A0040CreateUserWithCustomInstitutionRole/content.txt
1   :       wait violation in /CommunitySuite/RegressionSuite/BrandsAndThemes/BrandThemes/Uc010Setup/A0060AddSampleThemePkgFileToContColl/content.txt
1   :  nocomment violation in /CommunitySuite/RegressionSuite/BrandsAndThemes/BrandThemes/Uc010Setup/A0060AddSampleThemePkgFileToContColl/content.txt
1   :  nocomment violation in /CommunitySuite/RegressionSuite/BrandsAndThemes/BrandThemes/Uc020CreateTheme/A0010CreateThemeWithRequiredData/content.txt
1   :  nocomment violation in /CommunitySuite/RegressionSuite/BrandsAndThemes/BrandThemes/Uc020CreateTheme/A0020CreateThemeWithLeadingTrailingSpacesInTheFields/content.txt
1   :  nocomment violation in /CommunitySuite/RegressionSuite/BrandsAndThemes/BrandThemes/Uc020CreateTheme/A0030CreateThemeMaxLengthCharacters/content.txt
1   :  nocomment violation in /CommunitySuite/RegressionSuite/BrandsAndThemes/BrandThemes/Uc020CreateTheme/A0040CreateThemeMultibyteCharacters/content.txt
1   :  nocomment violation in /CommunitySuite/RegressionSuite/BrandsAndThemes/BrandThemes/Uc020CreateTheme/A0050CreateThemeWithSetLanguagePackNotDefault/content.txt
1   :  nocomment violation in /CommunitySuite/RegressionSuite/BrandsAndThemes/BrandThemes/Uc040EditTheme/A0010EditThemeUploadedAssocForBrand/content.txt
1   :  nocomment violation in /CommunitySuite/RegressionSuite/BrandsAndThemes/BrandThemes/Uc050DownloadTheme/A0010DownloadDefaultTheme/content.txt
1   :  nocomment violation in /CommunitySuite/RegressionSuite/BrandsAndThemes/BrandThemes/Uc050DownloadTheme/A0020DownloadNewlyCreatedTheme/content.txt
1   :       wait violation in /CommunitySuite/RegressionSuite/BrandsAndThemes/BrandThemes/Uc060UploadCustomizedPackageFiles/A0020UploadCustomizedEditedPackageFileFromTestersMachine/content.txt
1   :  nocomment violation in /CommunitySuite/RegressionSuite/BrandsAndThemes/BrandThemes/Uc060UploadCustomizedPackageFiles/A0020UploadCustomizedEditedPackageFileFromTestersMachine/content.txt
1   :       wait violation in /CommunitySuite/RegressionSuite/BrandsAndThemes/BrandThemes/Uc060UploadCustomizedPackageFiles/A0030UploadPackageThemeFromContentCollection/content.txt
1   :  nocomment violation in /CommunitySuite/RegressionSuite/BrandsAndThemes/BrandThemes/Uc060UploadCustomizedPackageFiles/A0030UploadPackageThemeFromContentCollection/content.txt
1   :  nocomment violation in /CommunitySuite/RegressionSuite/BrandsAndThemes/BrandThemes/Uc060UploadCustomizedPackageFiles/A0040ViewCssFilesBeingServedInTheHtmlForTheThemeWhenCssPropertySetToOptimized/content.txt
5   :       wait violation in /CommunitySuite/RegressionSuite/BrandsAndThemes/BrandThemes/Uc060UploadCustomizedPackageFiles/A0050UploadCustomizedEditedPackageFileToExistingThemePackageFromTestersMachine/content.txt
1   :  nocomment violation in /CommunitySuite/RegressionSuite/BrandsAndThemes/BrandThemes/Uc060UploadCustomizedPackageFiles/A0050UploadCustomizedEditedPackageFileToExistingThemePackageFromTestersMachine/content.txt
1   :  nocomment violation in /CommunitySuite/RegressionSuite/BrandsAndThemes/BrandThemes/Uc060UploadCustomizedPackageFiles/A0060CreateCustomThemeAndCreateCustomBrand/content.txt
1   :  nocomment violation in /CommunitySuite/RegressionSuite/BrandsAndThemes/GatewayAndLoginPage/SuiteTearDown/content.txt
1   :  nocomment violation in /CommunitySuite/RegressionSuite/BrandsAndThemes/GatewayAndLoginPage/TearDown/content.txt
1   :  nocomment violation in /CommunitySuite/RegressionSuite/BrandsAndThemes/GatewayAndLoginPage/Uc010Setup/A0010CopyFiles/content.txt
1   :  nocomment violation in /CommunitySuite/RegressionSuite/BrandsAndThemes/GatewayAndLoginPage/Uc010Setup/A0020RenameFiles/content.txt
1   :  nocomment violation in /CommunitySuite/RegressionSuite/BrandsAndThemes/GatewayAndLoginPage/Uc020MultipleWaysCcessingGwayLgnPg/A0010AllAccPathsAreRedirToCmbdGwayLgnPg/content.txt
1   :  nocomment violation in /CommunitySuite/RegressionSuite/BrandsAndThemes/GatewayAndLoginPage/Uc030ValidgFunctLinksOnCmbdGwaylgn/A0020CrtCrses/content.txt
1   :  nocomment violation in /CommunitySuite/RegressionSuite/BrandsAndThemes/GatewayAndLoginPage/Uc030ValidgFunctLinksOnCmbdGwaylgn/A0025CreateOrganizations/content.txt
1   :  nocomment violation in /CommunitySuite/RegressionSuite/BrandsAndThemes/GatewayAndLoginPage/Uc030ValidgFunctLinksOnCmbdGwaylgn/A0030SettsInGwayOptsPgShouldBeSetToDefaultVals/content.txt
1   :  nocomment violation in /CommunitySuite/RegressionSuite/BrandsAndThemes/GatewayAndLoginPage/Uc030ValidgFunctLinksOnCmbdGwaylgn/A0040SetLangPacksToAvailable/content.txt
1   :  nocomment violation in /CommunitySuite/RegressionSuite/BrandsAndThemes/GatewayAndLoginPage/Uc030ValidgFunctLinksOnCmbdGwaylgn/A0050ViewGwayLgnPgLayout/content.txt
1   :  nocomment violation in /CommunitySuite/RegressionSuite/BrandsAndThemes/GatewayAndLoginPage/Uc030ValidgFunctLinksOnCmbdGwaylgn/A0060ChangeLangSettsToDspyLgnPgInDesiredLangS/content.txt
1   :  nocomment violation in /CommunitySuite/RegressionSuite/BrandsAndThemes/GatewayAndLoginPage/Uc030ValidgFunctLinksOnCmbdGwaylgn/A0070RetrievePwdUsingForgotYourPwdLink/content.txt
1   :  nocomment violation in /CommunitySuite/RegressionSuite/BrandsAndThemes/GatewayAndLoginPage/Uc030ValidgFunctLinksOnCmbdGwaylgn/A0080CrtAnActUsingCrtNewActLink/content.txt
1   :  nocomment violation in /CommunitySuite/RegressionSuite/BrandsAndThemes/GatewayAndLoginPage/Uc030ValidgFunctLinksOnCmbdGwaylgn/A0090UserCrtdcrtNewActPg/content.txt
1   :  nocomment violation in /CommunitySuite/RegressionSuite/BrandsAndThemes/GatewayAndLoginPage/Uc030ValidgFunctLinksOnCmbdGwaylgn/A0100AccSysGuestUserUsingPreviewGuestLink/content.txt
1   :  nocomment violation in /CommunitySuite/RegressionSuite/BrandsAndThemes/GatewayAndLoginPage/Uc040CustGwayOpts/A0010LinkCrseCatalogToExternalCatalogUrl/content.txt
1   :  nocomment violation in /CommunitySuite/RegressionSuite/BrandsAndThemes/GatewayAndLoginPage/Uc040CustGwayOpts/A0020ViewGwayLgnPgLayoutAfterResettSetts/content.txt
1   :  nocomment violation in /CommunitySuite/RegressionSuite/BrandsAndThemes/GatewayAndLoginPage/Uc050GwaylgnPgDspyPerBrCustdSetts/A0010GwayLgnPgLookFeelIsBasedOnDefaultThemeSetts/content.txt
1   :  nocomment violation in /CommunitySuite/RegressionSuite/BrandsAndThemes/GatewayAndLoginPage/Uc050GwaylgnPgDspyPerBrCustdSetts/A0020CrtCustomBr/content.txt
1   :  nocomment violation in /CommunitySuite/RegressionSuite/BrandsAndThemes/GatewayAndLoginPage/Uc050GwaylgnPgDspyPerBrCustdSetts/A0030FontStyleDspyIsBasedOnSldThmsSett/content.txt
1   :  nocomment violation in /CommunitySuite/RegressionSuite/BrandsAndThemes/GatewayAndLoginPage/Uc050GwaylgnPgDspyPerBrCustdSetts/A0040ContFrameBkgrdColrDplySelectdThmeSett/content.txt
1   :  nocomment violation in /CommunitySuite/RegressionSuite/BrandsAndThemes/GatewayAndLoginPage/Uc050GwaylgnPgDspyPerBrCustdSetts/A0050ModBrSpecificCustomFragmentBackend/content.txt
